This is pdfeTeX, Version 3.141592-1.21a-2.2 (Web2C 7.5.4) (format=pdflatex 2008.1.7)  7 MAY 2010 09:16
entering extended mode
**developer_man.tex
(./developer_man.tex
LaTeX2e <2003/12/01>
Babel <v3.8d> and hyphenation patterns for american, french, german, ngerman, b
ahasa, basque, bulgarian, catalan, croatian, czech, danish, dutch, esperanto, e
stonian, finnish, greek, icelandic, irish, italian, latin, magyar, norsk, polis
h, portuges, romanian, russian, serbian, slovak, slovene, spanish, swedish, tur
kish, ukrainian, nohyphenation, loaded.
(/usr/share/texmf/tex/latex/base/article.cls
Document Class: article 2004/02/16 v1.4f Standard LaTeX document class
(/usr/share/texmf/tex/latex/base/size12.clo
File: size12.clo 2004/02/16 v1.4f Standard LaTeX file (size option)
)
\c@part=\count79
\c@section=\count80
\c@subsection=\count81
\c@subsubsection=\count82
\c@paragraph=\count83
\c@subparagraph=\count84
\c@figure=\count85
\c@table=\count86
\abovecaptionskip=\skip41
\belowcaptionskip=\skip42
\bibindent=\dimen102
)
(/usr/share/texmf/tex/latex/html/html.sty
(/usr/share/texmf/tex/latex/hyperref/hyperref.sty
Package: hyperref 2003/11/30 v6.74m Hypertext links for LaTeX

(/usr/share/texmf/tex/latex/graphics/keyval.sty
Package: keyval 1999/03/16 v1.13 key=value parser (DPC)
\KV@toks@=\toks14
)
\@linkdim=\dimen103
\Hy@linkcounter=\count87
\Hy@pagecounter=\count88

(/usr/share/texmf/tex/latex/hyperref/pd1enc.def
File: pd1enc.def 2003/11/30 v6.74m Hyperref: PDFDocEncoding definition (HO)
)
(/usr/share/texmf/tex/latex/hyperref/hyperref.cfg
File: hyperref.cfg 2002/06/06 v1.2 hyperref configuration of TeXLive and teTeX
)
Package hyperref Info: Hyper figures OFF on input line 1880.
Package hyperref Info: Link nesting OFF on input line 1885.
Package hyperref Info: Hyper index ON on input line 1888.
Package hyperref Info: Plain pages ON on input line 1893.
Package hyperref Info: Backreferencing OFF on input line 1900.

Implicit mode ON; LaTeX internals redefined
Package hyperref Info: Bookmarks ON on input line 2004.
(/usr/share/texmf/tex/latex/html/url.sty
Package: url 1999/03/02  ver 1.4  Verb mode for urls, email addresses, and file
 names
)
LaTeX Info: Redefining \url on input line 2143.
\Fld@menulength=\count89
\Field@Width=\dimen104
\Fld@charsize=\dimen105
\Choice@toks=\toks15
\Field@toks=\toks16
Package hyperref Info: Hyper figures OFF on input line 2618.
Package hyperref Info: Link nesting OFF on input line 2623.
Package hyperref Info: Hyper index ON on input line 2626.
Package hyperref Info: backreferencing OFF on input line 2633.
Package hyperref Info: Link coloring OFF on input line 2638.
\c@Item=\count90
\c@Hfootnote=\count91
)
*hyperref using default driver hpdftex*
(/usr/share/texmf/tex/latex/hyperref/hpdftex.def
File: hpdftex.def 2003/11/30 v6.74m Hyperref driver for pdfTeX

(/usr/share/texmf/tex/latex/psnfss/pifont.sty
Package: pifont 2004/09/15 PSNFSS-v9.2 Pi font support (SPQR) 
LaTeX Font Info:    Try loading font information for U+pzd on input line 63.

(/usr/share/texmf/tex/latex/psnfss/upzd.fd
File: upzd.fd 2001/06/04 font definitions for U/pzd.
)
LaTeX Font Info:    Try loading font information for U+psy on input line 64.

(/usr/share/texmf/tex/latex/psnfss/upsy.fd
File: upsy.fd 2001/06/04 font definitions for U/psy.
))
\Fld@listcount=\count92
\@outlinefile=\write3
)
Package: html 1999/07/19 v1.38 hypertext commands for latex2html (nd, hws, rrm)

\c@lpart=\count93
\c@lchapter=\count94
\c@chapter=\count95
\c@lsection=\count96
\c@lsubsection=\count97
\c@lsubsubsection=\count98
\c@lparagraph=\count99
\c@lsubparagraph=\count100
\c@lsubsubparagraph=\count101
\ptrfile=\write4
)
(/usr/share/texmf/tex/latex/graphics/graphicx.sty
Package: graphicx 1999/02/16 v1.0f Enhanced LaTeX Graphics (DPC,SPQR)

(/usr/share/texmf/tex/latex/graphics/graphics.sty
Package: graphics 2001/07/07 v1.0n Standard LaTeX Graphics (DPC,SPQR)

(/usr/share/texmf/tex/latex/graphics/trig.sty
Package: trig 1999/03/16 v1.09 sin cos tan (DPC)
)
(/usr/share/texmf/tex/latex/graphics/graphics.cfg
File: graphics.cfg 2005/02/03 v1.3 graphics configuration of teTeX/TeXLive
)
Package graphics Info: Driver file: pdftex.def on input line 80.

(/usr/share/texmf/tex/latex/graphics/pdftex.def
File: pdftex.def 2002/06/19 v0.03k graphics/color for pdftex
\Gread@gobject=\count102
))
\Gin@req@height=\dimen106
\Gin@req@width=\dimen107
) (./developer_man.aux)
\openout1 = `developer_man.aux'.

LaTeX Font Info:    Checking defaults for OML/cmm/m/it on input line 27.
LaTeX Font Info:    ... okay on input line 27.
LaTeX Font Info:    Checking defaults for T1/cmr/m/n on input line 27.
LaTeX Font Info:    ... okay on input line 27.
LaTeX Font Info:    Checking defaults for OT1/cmr/m/n on input line 27.
LaTeX Font Info:    ... okay on input line 27.
LaTeX Font Info:    Checking defaults for OMS/cmsy/m/n on input line 27.
LaTeX Font Info:    ... okay on input line 27.
LaTeX Font Info:    Checking defaults for OMX/cmex/m/n on input line 27.
LaTeX Font Info:    ... okay on input line 27.
LaTeX Font Info:    Checking defaults for U/cmr/m/n on input line 27.
LaTeX Font Info:    ... okay on input line 27.
LaTeX Font Info:    Checking defaults for PD1/pdf/m/n on input line 27.
LaTeX Font Info:    ... okay on input line 27.
Package hyperref Info: Link coloring OFF on input line 27.

(/usr/share/texmf/tex/latex/hyperref/nameref.sty
Package: nameref 2003/12/03 v2.21 Cross-referencing by name of section
\c@section@level=\count103
)
LaTeX Info: Redefining \ref on input line 27.
LaTeX Info: Redefining \pageref on input line 27.
 (./developer_man.out)
(./developer_man.out)
\openout3 = `developer_man.out'.

 (/usr/share/texmf/tex/context/base/supp-pdf.tex
(/usr/share/texmf/tex/context/base/supp-mis.tex
loading : Context Support Macros / Miscellaneous (2004.10.26)
\protectiondepth=\count104
\scratchcounter=\count105
\scratchtoks=\toks17
\scratchdimen=\dimen108
\scratchskip=\skip43
\scratchmuskip=\muskip10
\scratchbox=\box26
\scratchread=\read1
\scratchwrite=\write5
\zeropoint=\dimen109
\onepoint=\dimen110
\onebasepoint=\dimen111
\minusone=\count106
\thousandpoint=\dimen112
\onerealpoint=\dimen113
\emptytoks=\toks18
\nextbox=\box27
\nextdepth=\dimen114
\everyline=\toks19
\!!counta=\count107
\!!countb=\count108
\recursecounter=\count109
)
loading : Context Support Macros / PDF (2004.03.26)
\nofMPsegments=\count110
\nofMParguments=\count111
\MPscratchCnt=\count112
\MPscratchDim=\dimen115
\MPnumerator=\count113
\everyMPtoPDFconversion=\toks20
) <quantum_espresso.pdf, id=199, 532.99126pt x 181.67876pt>
File: quantum_espresso.pdf Graphic file (type pdf)

<use quantum_espresso.pdf> <democritos.pdf, id=200, 557.08125pt x 174.72507pt>
File: democritos.pdf Graphic file (type pdf)

<use democritos.pdf>
LaTeX Font Info:    External font `cmex10' loaded for size
(Font)              <14.4> on input line 38.
LaTeX Font Info:    External font `cmex10' loaded for size
(Font)              <7> on input line 38.
 (./developer_man.toc
LaTeX Font Info:    External font `cmex10' loaded for size
(Font)              <12> on input line 2.
LaTeX Font Info:    External font `cmex10' loaded for size
(Font)              <8> on input line 2.
LaTeX Font Info:    External font `cmex10' loaded for size
(Font)              <6> on input line 2.
 [1

{/usr/share/texmf-var/fonts/map/pdftex/updmap/pdftex.map} <./quantum_espresso.p
df> <./democritos.pdf>])
\tf@toc=\write6
\openout6 = `developer_man.toc'.

LaTeX Font Info:    Try loading font information for OMS+cmr on input line 46.

(/usr/share/texmf/tex/latex/base/omscmr.fd
File: omscmr.fd 1999/05/25 v2.5h Standard LaTeX font definitions
)
LaTeX Font Info:    Font shape `OMS/cmr/m/n' in size <12> not available
(Font)              Font shape `OMS/cmsy/m/n' tried instead on input line 46.
 [2] [3] [4] [5] [6] [7] [8]
Overfull \hbox (41.98088pt too wide) in paragraph at lines 468--476
[]\OT1/cmr/m/n/12 This is un-for-tu-nately a lit-tle bit too com-plex to ex-pla
in. Ba-sic info: "AC[]SEARCH[]LIBS(function,
 []

[9] [10] [11] [12]
Underfull \hbox (badness 10000) in paragraph at lines 630--632

 []


Overfull \hbox (0.39813pt too wide) in paragraph at lines 633--639
[]\OT1/cmr/m/n/12 The "restart file" is ac-tu-ally a "restart di-rec-tory", con
-tain-ing sev-eral files and sub-directories.
 []


Overfull \hbox (65.87843pt too wide) in paragraph at lines 659--659
[]                               \OT1/cmtt/m/n/12 - general information that do
esn't require large data set:[] 
 []


Overfull \hbox (121.45346pt too wide) in paragraph at lines 659--659
[]                                 \OT1/cmtt/m/n/12 atomic structure, lattice, 
symmetries, parameters of the run, ...[] 
 []


Overfull \hbox (109.10345pt too wide) in paragraph at lines 659--659
[]                               \OT1/cmtt/m/n/12 - pointers to other files or 
directories containing bulkier data:[] 
 []


Overfull \hbox (96.75345pt too wide) in paragraph at lines 659--659
[]                                 \OT1/cmtt/m/n/12 such as grids, wavefunction
s, charge density, potentials, ...[] 
 []


Overfull \hbox (102.92845pt too wide) in paragraph at lines 659--659
[]    \OT1/cmtt/m/n/12 ''spin_polarization.dat''  contains the spin polarizatio
n (rhoup-rhodw) (LSDA calculations)[] 
 []


Overfull \hbox (133.80347pt too wide) in paragraph at lines 659--659
[]    \OT1/cmtt/m/n/12 ''magnetization.y.dat''    contain the spin polarization
 along x,y,z (noncollinear calculations)[] 
 []


Overfull \hbox (16.47841pt too wide) in paragraph at lines 659--659
[]    \OT1/cmtt/m/n/12 ''lambda.dat''             contains occupations (Car-Par
rinello dynamics only[] 
 []

[13]
Overfull \hbox (139.97847pt too wide) in paragraph at lines 659--659
[]    \OT1/cmtt/m/n/12 <k-point dirs>         One or more subdirectories ''K000
01/'', ''K00002/'', etc, one per k-point.[] 
 []


Overfull \hbox (115.27846pt too wide) in paragraph at lines 676--676
[]    \OT1/cmtt/m/n/12 ''evc.dat''                containing the wavefunctions 
for spin-unpolarized calculations, OR[] 
 []


Overfull \hbox (109.10345pt too wide) in paragraph at lines 676--676
[]    \OT1/cmtt/m/n/12 ''evc2.dat''               containing the spin-up and sp
in-down wavefunctions, respectively,[] 
 []


Overfull \hbox (146.15347pt too wide) in paragraph at lines 676--676
[]                           \OT1/cmtt/m/n/12 in a molecular dynamics run, also
 wavefunctions at the preceding time step:[] 
 []


Overfull \hbox (288.17854pt too wide) in paragraph at lines 676--676
[]    \OT1/cmtt/m/n/12 ''eigenval.xml''           containing the eigenvalues fo
r the corresponding k-point for spin-unpolarized calculations, OR[] 
 []


Overfull \hbox (448.72862pt too wide) in paragraph at lines 712--712
[]\OT1/cmtt/m/n/12 * ''Body'': introduced by <Root>, terminated by </Root>. Con
tains first-level tags only. These contain only other tags, not values. XML syn
tax applies.[] 
 []

[14]
Overfull \hbox (4.1284pt too wide) in paragraph at lines 986--986
[]  \OT1/cmtt/m/n/12 - <MAGNETIZATION_INIT>     (info about starting or constra
ined magnetization)[] 
 []

[15] [16] [17] [18] [19]
Overfull \hbox (16.47841pt too wide) in paragraph at lines 986--986
[]                \OT1/cmtt/m/n/12 <WFCM.$s>                link to file "./K$n
/evcm.dat" (optional)[] 
 []


Overfull \hbox (28.82841pt too wide) in paragraph at lines 986--986
[]                                         \OT1/cmtt/m/n/12 containing wavefunc
tions at preceding step[] 
 []

[20] [21] [22] [23] [24]
Overfull \hbox (32.4354pt too wide) in paragraph at lines 1241--1245
[]\OT1/cmr/m/n/12 You will find very con-ve-nient to use the Web-CVS in-ter-fac
e: http://qe-forge.org/cgi-bin/cvstrac/q-
 []

[25] (./developer_man.aux) ) 
Here is how much of TeX's memory you used:
 2971 strings out of 94500
 39611 string characters out of 1173670
 89561 words of memory out of 1000000
 6053 multiletter control sequences out of 10000+50000
 10973 words of font info for 38 fonts, out of 500000 for 2000
 580 hyphenation exceptions out of 1000
 34i,5n,37p,439b,328s stack positions out of 1500i,500n,5000p,200000b,5000s
PDF statistics:
 419 PDF objects out of 300000
 84 named destinations out of 131072
 411 words of extra memory for PDF output out of 65536
</usr/share/texmf/fonts/type1/bluesky/cm/cmr6.pfb><
/usr/share/texmf/fonts/type1/bluesky/cm/cmsy6.pfb></usr/share/texmf/fonts/type1
/bluesky/cm/cmr8.pfb></usr/share/texmf/fonts/type1/bluesky/cm/cmmi8.pfb></usr/s
hare/texmf/fonts/type1/bluesky/cm/cmsy8.pfb></usr/share/texmf/fonts/type1/blues
ky/cm/cmmi12.pfb></usr/share/texmf/fonts/type1/bluesky/cm/cmtt12.pfb></usr/shar
e/texmf/fonts/type1/bluesky/cm/cmsy10.pfb></usr/share/texmf/fonts/type1/bluesky
/cm/cmbxti10.pfb></usr/share/texmf/fonts/type1/bluesky/cm/cmti12.pfb></usr/shar
e/texmf/fonts/type1/bluesky/cm/cmr12.pfb></usr/share/texmf/fonts/type1/bluesky/
cm/cmbx12.pfb></usr/share/texmf/fonts/type1/bluesky/cm/cmcsc10.pfb></usr/share/
texmf/fonts/type1/bluesky/cm/cmr17.pfb>
Output written on developer_man.pdf (25 pages, 336246 bytes).
