This file contains any messages produced by compilers while
running configure, to aid debugging if configure makes a mistake.

It was created by ESPRESSO configure 4.2CVS, which was
generated by GNU Autoconf 2.65.  Invocation command line was

  $ ./install/configure 

## --------- ##
## Platform. ##
## --------- ##

hostname = mcminis
uname -m = x86_64
uname -r = 2.6.32-22-generic
uname -s = Linux
uname -v = #33-Ubuntu SMP Wed Apr 28 13:28:05 UTC 2010

/usr/bin/uname -p = unknown
/bin/uname -X     = unknown

/bin/arch              = unknown
/usr/bin/arch -k       = unknown
/usr/convex/getsysinfo = unknown
/usr/bin/hostinfo      = unknown
/bin/machine           = unknown
/usr/bin/oslevel       = unknown
/bin/universe          = unknown

PATH: /opt/intel/Compiler/11.1/056/bin/intel64
PATH: /opt/intel/Compiler/11.1/056/bin/intel64
PATH: .
PATH: /home/mcminis2/bin
PATH: /home/mcminis2/scripts
PATH: /usr/local/sbin
PATH: /usr/local/bin
PATH: /usr/sbin
PATH: /usr/bin
PATH: /sbin
PATH: /bin
PATH: /usr/games


## ----------- ##
## Core tests. ##
## ----------- ##

configure:2579: checking build system type
configure:2593: result: x86_64-unknown-linux-gnu
configure:2792: checking for gfortran
configure:2808: found /usr/bin/gfortran
configure:2819: result: gfortran
configure:2835: WARNING: using cross tools not prefixed with host triplet
configure:2845: checking for Fortran 77 compiler version
configure:2854: gfortran --version >&5
GNU Fortran (Ubuntu 4.4.3-4ubuntu5) 4.4.3
Copyright (C) 2010 Free Software Foundation, Inc.

GNU Fortran comes with NO WARRANTY, to the extent permitted by law.
You may redistribute copies of GNU Fortran
under the terms of the GNU General Public License.
For more information about these matters, see the file named COPYING

configure:2865: $? = 0
configure:2854: gfortran -v >&5
Using built-in specs.
Target: x86_64-linux-gnu
Configured with: ../src/configure -v --with-pkgversion='Ubuntu 4.4.3-4ubuntu5' --with-bugurl=file:///usr/share/doc/gcc-4.4/README.Bugs --enable-languages=c,c++,fortran,objc,obj-c++ --prefix=/usr --enable-shared --enable-multiarch --enable-linker-build-id --with-system-zlib --libexecdir=/usr/lib --without-included-gettext --enable-threads=posix --with-gxx-include-dir=/usr/include/c++/4.4 --program-suffix=-4.4 --enable-nls --enable-clocale=gnu --enable-libstdcxx-debug --enable-plugin --enable-objc-gc --disable-werror --with-arch-32=i486 --with-tune=generic --enable-checking=release --build=x86_64-linux-gnu --host=x86_64-linux-gnu --target=x86_64-linux-gnu
Thread model: posix
gcc version 4.4.3 (Ubuntu 4.4.3-4ubuntu5) 
configure:2865: $? = 0
configure:2854: gfortran -V >&5
gfortran: '-V' option must have argument
configure:2865: $? = 1
configure:2854: gfortran -qversion >&5
gfortran: unrecognized option '-qversion'
gfortran: no input files
configure:2865: $? = 1
configure:2880: checking whether the Fortran 77 compiler works
configure:2902: gfortran   conftest.f  >&5
configure:2906: $? = 0
configure:2955: result: yes
configure:2958: checking for Fortran 77 compiler default output file name
configure:2960: result: a.out
configure:2966: checking for suffix of executables
configure:2973: gfortran -o conftest   conftest.f  >&5
configure:2977: $? = 0
configure:2999: result: 
configure:3015: checking whether we are cross compiling
configure:3053: result: yes
configure:3058: checking for suffix of object files
configure:3074: gfortran -c  conftest.f >&5
configure:3078: $? = 0
configure:3099: result: o
configure:3107: checking whether we are using the GNU Fortran 77 compiler
configure:3120: gfortran -c  conftest.F >&5
configure:3120: $? = 0
configure:3129: result: yes
configure:3135: checking whether gfortran accepts -g
configure:3146: gfortran -c -g conftest.f >&5
configure:3146: $? = 0
configure:3154: result: yes
configure:3246: checking for mpif90
configure:3276: result: no
configure:3246: checking for gfortran
configure:3262: found /usr/bin/gfortran
configure:3273: result: gfortran
configure:3299: checking for Fortran 77 compiler version
configure:3308: gfortran --version >&5
GNU Fortran (Ubuntu 4.4.3-4ubuntu5) 4.4.3
Copyright (C) 2010 Free Software Foundation, Inc.

GNU Fortran comes with NO WARRANTY, to the extent permitted by law.
You may redistribute copies of GNU Fortran
under the terms of the GNU General Public License.
For more information about these matters, see the file named COPYING

configure:3319: $? = 0
configure:3308: gfortran -v >&5
Using built-in specs.
Target: x86_64-linux-gnu
Configured with: ../src/configure -v --with-pkgversion='Ubuntu 4.4.3-4ubuntu5' --with-bugurl=file:///usr/share/doc/gcc-4.4/README.Bugs --enable-languages=c,c++,fortran,objc,obj-c++ --prefix=/usr --enable-shared --enable-multiarch --enable-linker-build-id --with-system-zlib --libexecdir=/usr/lib --without-included-gettext --enable-threads=posix --with-gxx-include-dir=/usr/include/c++/4.4 --program-suffix=-4.4 --enable-nls --enable-clocale=gnu --enable-libstdcxx-debug --enable-plugin --enable-objc-gc --disable-werror --with-arch-32=i486 --with-tune=generic --enable-checking=release --build=x86_64-linux-gnu --host=x86_64-linux-gnu --target=x86_64-linux-gnu
Thread model: posix
gcc version 4.4.3 (Ubuntu 4.4.3-4ubuntu5) 
configure:3319: $? = 0
configure:3308: gfortran -V >&5
gfortran: '-V' option must have argument
configure:3319: $? = 1
configure:3308: gfortran -qversion >&5
gfortran: unrecognized option '-qversion'
gfortran: no input files
configure:3319: $? = 1
configure:3328: checking whether we are using the GNU Fortran 77 compiler
configure:3341: gfortran -c -g -O2 conftest.F >&5
configure:3341: $? = 0
configure:3350: result: yes
configure:3356: checking whether gfortran accepts -g
configure:3367: gfortran -c -g conftest.f >&5
configure:3367: $? = 0
configure:3375: result: yes
configure:3652: checking for C compiler version
configure:3661: gcc --version >&5
gcc (Ubuntu 4.4.3-4ubuntu5) 4.4.3
Copyright (C) 2009 Free Software Foundation, Inc.
This is free software; see the source for copying conditions.  There is NO
warranty; not even for MERCHANTABILITY or FITNESS FOR A PARTICULAR PURPOSE.

configure:3672: $? = 0
configure:3661: gcc -v >&5
Using built-in specs.
Target: x86_64-linux-gnu
Configured with: ../src/configure -v --with-pkgversion='Ubuntu 4.4.3-4ubuntu5' --with-bugurl=file:///usr/share/doc/gcc-4.4/README.Bugs --enable-languages=c,c++,fortran,objc,obj-c++ --prefix=/usr --enable-shared --enable-multiarch --enable-linker-build-id --with-system-zlib --libexecdir=/usr/lib --without-included-gettext --enable-threads=posix --with-gxx-include-dir=/usr/include/c++/4.4 --program-suffix=-4.4 --enable-nls --enable-clocale=gnu --enable-libstdcxx-debug --enable-plugin --enable-objc-gc --disable-werror --with-arch-32=i486 --with-tune=generic --enable-checking=release --build=x86_64-linux-gnu --host=x86_64-linux-gnu --target=x86_64-linux-gnu
Thread model: posix
gcc version 4.4.3 (Ubuntu 4.4.3-4ubuntu5) 
configure:3672: $? = 0
configure:3661: gcc -V >&5
gcc: '-V' option must have argument
configure:3672: $? = 1
configure:3661: gcc -qversion >&5
gcc: unrecognized option '-qversion'
gcc: no input files
configure:3672: $? = 1
configure:3676: checking whether we are using the GNU C compiler
configure:3695: gcc -c   conftest.c >&5
configure:3695: $? = 0
configure:3704: result: yes
configure:3713: checking whether gcc accepts -g
configure:3733: gcc -c -g  conftest.c >&5
configure:3733: $? = 0
configure:3774: result: yes
configure:3791: checking for gcc option to accept ISO C89
configure:3855: gcc  -c -g -O2  conftest.c >&5
configure:3855: $? = 0
configure:3868: result: none needed
configure:3901: checking how to run the C preprocessor
configure:3932: gcc -E  conftest.c
configure:3932: $? = 0
configure:3946: gcc -E  conftest.c
conftest.c:9:28: error: ac_nonexistent.h: No such file or directory
configure:3946: $? = 1
configure: failed program was:
| /* confdefs.h */
| #define PACKAGE_NAME "ESPRESSO"
| #define PACKAGE_TARNAME "espresso"
| #define PACKAGE_VERSION "4.2CVS"
| #define PACKAGE_STRING "ESPRESSO 4.2CVS"
| #define PACKAGE_BUGREPORT ""
| #define PACKAGE_URL ""
| /* end confdefs.h.  */
| #include <ac_nonexistent.h>
configure:3971: result: gcc -E
configure:3991: gcc -E  conftest.c
configure:3991: $? = 0
configure:4005: gcc -E  conftest.c
conftest.c:9:28: error: ac_nonexistent.h: No such file or directory
configure:4005: $? = 1
configure: failed program was:
| /* confdefs.h */
| #define PACKAGE_NAME "ESPRESSO"
| #define PACKAGE_TARNAME "espresso"
| #define PACKAGE_VERSION "4.2CVS"
| #define PACKAGE_STRING "ESPRESSO 4.2CVS"
| #define PACKAGE_BUGREPORT ""
| #define PACKAGE_URL ""
| /* end confdefs.h.  */
| #include <ac_nonexistent.h>
configure:4034: checking for grep that handles long lines and -e
configure:4092: result: /bin/grep
configure:4097: checking for egrep
configure:4159: result: /bin/grep -E
configure:4164: checking for ANSI C header files
configure:4184: gcc -c -g -O2  conftest.c >&5
configure:4184: $? = 0
configure:4268: result: yes
configure:4281: checking for sys/types.h
configure:4281: gcc -c -g -O2  conftest.c >&5
configure:4281: $? = 0
configure:4281: result: yes
configure:4281: checking for sys/stat.h
configure:4281: gcc -c -g -O2  conftest.c >&5
configure:4281: $? = 0
configure:4281: result: yes
configure:4281: checking for stdlib.h
configure:4281: gcc -c -g -O2  conftest.c >&5
configure:4281: $? = 0
configure:4281: result: yes
configure:4281: checking for string.h
configure:4281: gcc -c -g -O2  conftest.c >&5
configure:4281: $? = 0
configure:4281: result: yes
configure:4281: checking for memory.h
configure:4281: gcc -c -g -O2  conftest.c >&5
configure:4281: $? = 0
configure:4281: result: yes
configure:4281: checking for strings.h
configure:4281: gcc -c -g -O2  conftest.c >&5
configure:4281: $? = 0
configure:4281: result: yes
configure:4281: checking for inttypes.h
configure:4281: gcc -c -g -O2  conftest.c >&5
configure:4281: $? = 0
configure:4281: result: yes
configure:4281: checking for stdint.h
configure:4281: gcc -c -g -O2  conftest.c >&5
configure:4281: $? = 0
configure:4281: result: yes
configure:4281: checking for unistd.h
configure:4281: gcc -c -g -O2  conftest.c >&5
configure:4281: $? = 0
configure:4281: result: yes
configure:4298: checking size of int *
configure:4303: gcc -c -g -O2  conftest.c >&5
configure:4303: $? = 0
configure:4303: gcc -c -g -O2  conftest.c >&5
conftest.c: In function 'main':
conftest.c:55: error: size of array 'test_array' is negative
configure:4303: $? = 1
configure: failed program was:
| /* confdefs.h */
| #define PACKAGE_NAME "ESPRESSO"
| #define PACKAGE_TARNAME "espresso"
| #define PACKAGE_VERSION "4.2CVS"
| #define PACKAGE_STRING "ESPRESSO 4.2CVS"
| #define PACKAGE_BUGREPORT ""
| #define PACKAGE_URL ""
| #define STDC_HEADERS 1
| #define HAVE_SYS_TYPES_H 1
| #define HAVE_SYS_STAT_H 1
| #define HAVE_STDLIB_H 1
| #define HAVE_STRING_H 1
| #define HAVE_MEMORY_H 1
| #define HAVE_STRINGS_H 1
| #define HAVE_INTTYPES_H 1
| #define HAVE_STDINT_H 1
| #define HAVE_UNISTD_H 1
| /* end confdefs.h.  */
| #include <stdio.h>
| #ifdef HAVE_SYS_TYPES_H
| # include <sys/types.h>
| #endif
| #ifdef HAVE_SYS_STAT_H
| # include <sys/stat.h>
| #endif
| #ifdef STDC_HEADERS
| # include <stdlib.h>
| # include <stddef.h>
| #else
| # ifdef HAVE_STDLIB_H
| #  include <stdlib.h>
| # endif
| #endif
| #ifdef HAVE_STRING_H
| # if !defined STDC_HEADERS && defined HAVE_MEMORY_H
| #  include <memory.h>
| # endif
| # include <string.h>
| #endif
| #ifdef HAVE_STRINGS_H
| # include <strings.h>
| #endif
| #ifdef HAVE_INTTYPES_H
| # include <inttypes.h>
| #endif
| #ifdef HAVE_STDINT_H
| # include <stdint.h>
| #endif
| #ifdef HAVE_UNISTD_H
| # include <unistd.h>
| #endif
| int
| main ()
| {
| static int test_array [1 - 2 * !(((long int) (sizeof (int *))) <= 0)];
| test_array [0] = 0
| 
|   ;
|   return 0;
| }
configure:4303: gcc -c -g -O2  conftest.c >&5
conftest.c: In function 'main':
conftest.c:55: error: size of array 'test_array' is negative
configure:4303: $? = 1
configure: failed program was:
| /* confdefs.h */
| #define PACKAGE_NAME "ESPRESSO"
| #define PACKAGE_TARNAME "espresso"
| #define PACKAGE_VERSION "4.2CVS"
| #define PACKAGE_STRING "ESPRESSO 4.2CVS"
| #define PACKAGE_BUGREPORT ""
| #define PACKAGE_URL ""
| #define STDC_HEADERS 1
| #define HAVE_SYS_TYPES_H 1
| #define HAVE_SYS_STAT_H 1
| #define HAVE_STDLIB_H 1
| #define HAVE_STRING_H 1
| #define HAVE_MEMORY_H 1
| #define HAVE_STRINGS_H 1
| #define HAVE_INTTYPES_H 1
| #define HAVE_STDINT_H 1
| #define HAVE_UNISTD_H 1
| /* end confdefs.h.  */
| #include <stdio.h>
| #ifdef HAVE_SYS_TYPES_H
| # include <sys/types.h>
| #endif
| #ifdef HAVE_SYS_STAT_H
| # include <sys/stat.h>
| #endif
| #ifdef STDC_HEADERS
| # include <stdlib.h>
| # include <stddef.h>
| #else
| # ifdef HAVE_STDLIB_H
| #  include <stdlib.h>
| # endif
| #endif
| #ifdef HAVE_STRING_H
| # if !defined STDC_HEADERS && defined HAVE_MEMORY_H
| #  include <memory.h>
| # endif
| # include <string.h>
| #endif
| #ifdef HAVE_STRINGS_H
| # include <strings.h>
| #endif
| #ifdef HAVE_INTTYPES_H
| # include <inttypes.h>
| #endif
| #ifdef HAVE_STDINT_H
| # include <stdint.h>
| #endif
| #ifdef HAVE_UNISTD_H
| # include <unistd.h>
| #endif
| int
| main ()
| {
| static int test_array [1 - 2 * !(((long int) (sizeof (int *))) <= 1)];
| test_array [0] = 0
| 
|   ;
|   return 0;
| }
configure:4303: gcc -c -g -O2  conftest.c >&5
conftest.c: In function 'main':
conftest.c:55: error: size of array 'test_array' is negative
configure:4303: $? = 1
configure: failed program was:
| /* confdefs.h */
| #define PACKAGE_NAME "ESPRESSO"
| #define PACKAGE_TARNAME "espresso"
| #define PACKAGE_VERSION "4.2CVS"
| #define PACKAGE_STRING "ESPRESSO 4.2CVS"
| #define PACKAGE_BUGREPORT ""
| #define PACKAGE_URL ""
| #define STDC_HEADERS 1
| #define HAVE_SYS_TYPES_H 1
| #define HAVE_SYS_STAT_H 1
| #define HAVE_STDLIB_H 1
| #define HAVE_STRING_H 1
| #define HAVE_MEMORY_H 1
| #define HAVE_STRINGS_H 1
| #define HAVE_INTTYPES_H 1
| #define HAVE_STDINT_H 1
| #define HAVE_UNISTD_H 1
| /* end confdefs.h.  */
| #include <stdio.h>
| #ifdef HAVE_SYS_TYPES_H
| # include <sys/types.h>
| #endif
| #ifdef HAVE_SYS_STAT_H
| # include <sys/stat.h>
| #endif
| #ifdef STDC_HEADERS
| # include <stdlib.h>
| # include <stddef.h>
| #else
| # ifdef HAVE_STDLIB_H
| #  include <stdlib.h>
| # endif
| #endif
| #ifdef HAVE_STRING_H
| # if !defined STDC_HEADERS && defined HAVE_MEMORY_H
| #  include <memory.h>
| # endif
| # include <string.h>
| #endif
| #ifdef HAVE_STRINGS_H
| # include <strings.h>
| #endif
| #ifdef HAVE_INTTYPES_H
| # include <inttypes.h>
| #endif
| #ifdef HAVE_STDINT_H
| # include <stdint.h>
| #endif
| #ifdef HAVE_UNISTD_H
| # include <unistd.h>
| #endif
| int
| main ()
| {
| static int test_array [1 - 2 * !(((long int) (sizeof (int *))) <= 3)];
| test_array [0] = 0
| 
|   ;
|   return 0;
| }
configure:4303: gcc -c -g -O2  conftest.c >&5
conftest.c: In function 'main':
conftest.c:55: error: size of array 'test_array' is negative
configure:4303: $? = 1
configure: failed program was:
| /* confdefs.h */
| #define PACKAGE_NAME "ESPRESSO"
| #define PACKAGE_TARNAME "espresso"
| #define PACKAGE_VERSION "4.2CVS"
| #define PACKAGE_STRING "ESPRESSO 4.2CVS"
| #define PACKAGE_BUGREPORT ""
| #define PACKAGE_URL ""
| #define STDC_HEADERS 1
| #define HAVE_SYS_TYPES_H 1
| #define HAVE_SYS_STAT_H 1
| #define HAVE_STDLIB_H 1
| #define HAVE_STRING_H 1
| #define HAVE_MEMORY_H 1
| #define HAVE_STRINGS_H 1
| #define HAVE_INTTYPES_H 1
| #define HAVE_STDINT_H 1
| #define HAVE_UNISTD_H 1
| /* end confdefs.h.  */
| #include <stdio.h>
| #ifdef HAVE_SYS_TYPES_H
| # include <sys/types.h>
| #endif
| #ifdef HAVE_SYS_STAT_H
| # include <sys/stat.h>
| #endif
| #ifdef STDC_HEADERS
| # include <stdlib.h>
| # include <stddef.h>
| #else
| # ifdef HAVE_STDLIB_H
| #  include <stdlib.h>
| # endif
| #endif
| #ifdef HAVE_STRING_H
| # if !defined STDC_HEADERS && defined HAVE_MEMORY_H
| #  include <memory.h>
| # endif
| # include <string.h>
| #endif
| #ifdef HAVE_STRINGS_H
| # include <strings.h>
| #endif
| #ifdef HAVE_INTTYPES_H
| # include <inttypes.h>
| #endif
| #ifdef HAVE_STDINT_H
| # include <stdint.h>
| #endif
| #ifdef HAVE_UNISTD_H
| # include <unistd.h>
| #endif
| int
| main ()
| {
| static int test_array [1 - 2 * !(((long int) (sizeof (int *))) <= 7)];
| test_array [0] = 0
| 
|   ;
|   return 0;
| }
configure:4303: gcc -c -g -O2  conftest.c >&5
configure:4303: $? = 0
configure:4303: gcc -c -g -O2  conftest.c >&5
configure:4303: $? = 0
configure:4303: gcc -c -g -O2  conftest.c >&5
configure:4303: $? = 0
configure:4303: gcc -c -g -O2  conftest.c >&5
configure:4303: $? = 0
configure:4318: result: 8
configure:4334: checking malloc.h usability
configure:4334: gcc -c -g -O2  conftest.c >&5
configure:4334: $? = 0
configure:4334: result: yes
configure:4334: checking malloc.h presence
configure:4334: gcc -E  conftest.c
configure:4334: $? = 0
configure:4334: result: yes
configure:4334: checking for malloc.h
configure:4334: result: yes
configure:4344: checking for struct mallinfo.arena
configure:4344: gcc -c -g -O2  conftest.c >&5
configure:4344: $? = 0
configure:4344: result: yes
configure:4412: checking for gfortran
configure:4428: found /usr/bin/gfortran
configure:4439: result: gfortran
configure:4465: checking for Fortran 77 compiler version
configure:4474: gfortran --version >&5
GNU Fortran (Ubuntu 4.4.3-4ubuntu5) 4.4.3
Copyright (C) 2010 Free Software Foundation, Inc.

GNU Fortran comes with NO WARRANTY, to the extent permitted by law.
You may redistribute copies of GNU Fortran
under the terms of the GNU General Public License.
For more information about these matters, see the file named COPYING

configure:4485: $? = 0
configure:4474: gfortran -v >&5
Using built-in specs.
Target: x86_64-linux-gnu
Configured with: ../src/configure -v --with-pkgversion='Ubuntu 4.4.3-4ubuntu5' --with-bugurl=file:///usr/share/doc/gcc-4.4/README.Bugs --enable-languages=c,c++,fortran,objc,obj-c++ --prefix=/usr --enable-shared --enable-multiarch --enable-linker-build-id --with-system-zlib --libexecdir=/usr/lib --without-included-gettext --enable-threads=posix --with-gxx-include-dir=/usr/include/c++/4.4 --program-suffix=-4.4 --enable-nls --enable-clocale=gnu --enable-libstdcxx-debug --enable-plugin --enable-objc-gc --disable-werror --with-arch-32=i486 --with-tune=generic --enable-checking=release --build=x86_64-linux-gnu --host=x86_64-linux-gnu --target=x86_64-linux-gnu
Thread model: posix
gcc version 4.4.3 (Ubuntu 4.4.3-4ubuntu5) 
configure:4485: $? = 0
configure:4474: gfortran -V >&5
gfortran: '-V' option must have argument
configure:4485: $? = 1
configure:4474: gfortran -qversion >&5
gfortran: unrecognized option '-qversion'
gfortran: no input files
configure:4485: $? = 1
configure:4494: checking whether we are using the GNU Fortran 77 compiler
configure:4507: gfortran -c -g -O2 conftest.F >&5
configure:4507: $? = 0
configure:4516: result: yes
configure:4522: checking whether gfortran accepts -g
configure:4533: gfortran -c -g conftest.f >&5
configure:4533: $? = 0
configure:4541: result: yes
configure:4847: checking whether make sets $(MAKE)
configure:4869: result: yes
configure:4910: checking how to get verbose linking output from gfortran
configure:4920: gfortran -c -g -O2 conftest.f >&5
configure:4920: $? = 0
configure:4938: gfortran -o conftest -g -O2 -v conftest.f
Using built-in specs.
Target: x86_64-linux-gnu
Configured with: ../src/configure -v --with-pkgversion='Ubuntu 4.4.3-4ubuntu5' --with-bugurl=file:///usr/share/doc/gcc-4.4/README.Bugs --enable-languages=c,c++,fortran,objc,obj-c++ --prefix=/usr --enable-shared --enable-multiarch --enable-linker-build-id --with-system-zlib --libexecdir=/usr/lib --without-included-gettext --enable-threads=posix --with-gxx-include-dir=/usr/include/c++/4.4 --program-suffix=-4.4 --enable-nls --enable-clocale=gnu --enable-libstdcxx-debug --enable-plugin --enable-objc-gc --disable-werror --with-arch-32=i486 --with-tune=generic --enable-checking=release --build=x86_64-linux-gnu --host=x86_64-linux-gnu --target=x86_64-linux-gnu
Thread model: posix
gcc version 4.4.3 (Ubuntu 4.4.3-4ubuntu5) 
 /usr/lib/gcc/x86_64-linux-gnu/4.4.3/f951 conftest.f -ffixed-form -quiet -dumpbase conftest.f -mtune=generic -auxbase conftest -g -O2 -version -fintrinsic-modules-path /usr/lib/gcc/x86_64-linux-gnu/4.4.3/finclude -o /tmp/ccCffYYI.s
GNU Fortran (Ubuntu 4.4.3-4ubuntu5) version 4.4.3 (x86_64-linux-gnu)
	compiled by GNU C version 4.4.3, GMP version 4.3.2, MPFR version 2.4.2-p1.
GGC heuristics: --param ggc-min-expand=100 --param ggc-min-heapsize=131072
GNU Fortran (Ubuntu 4.4.3-4ubuntu5) version 4.4.3 (x86_64-linux-gnu)
	compiled by GNU C version 4.4.3, GMP version 4.3.2, MPFR version 2.4.2-p1.
GGC heuristics: --param ggc-min-expand=100 --param ggc-min-heapsize=131072
 as -V -Qy -o /tmp/cc58l6Qs.o /tmp/ccCffYYI.s
GNU assembler version 2.20.1 (x86_64-linux-gnu) using BFD version (GNU Binutils for Ubuntu) 2.20.1-system.20100303
 /usr/lib/gcc/x86_64-linux-gnu/4.4.3/collect2 --build-id --eh-frame-hdr -m elf_x86_64 --hash-style=both -dynamic-linker /lib64/ld-linux-x86-64.so.2 -o conftest -z relro /usr/lib/gcc/x86_64-linux-gnu/4.4.3/../../../../lib/crt1.o /usr/lib/gcc/x86_64-linux-gnu/4.4.3/../../../../lib/crti.o /usr/lib/gcc/x86_64-linux-gnu/4.4.3/crtbegin.o -L/opt/intel/Compiler/11.1/056/ipp/em64t/lib/../lib -L/opt/intel/Compiler/11.1/056/tbb/intel64/cc4.1.0_libc2.4_kernel2.6.16.21/lib/../lib -L/opt/intel/Compiler/11.1/056/ipp/em64t/lib/../lib -L/opt/intel/Compiler/11.1/056/tbb/intel64/cc4.1.0_libc2.4_kernel2.6.16.21/lib/../lib -L/usr/lib/gcc/x86_64-linux-gnu/4.4.3 -L/usr/lib/gcc/x86_64-linux-gnu/4.4.3 -L/usr/lib/gcc/x86_64-linux-gnu/4.4.3/../../../../lib -L/lib/../lib -L/usr/lib/../lib -L/opt/intel/Compiler/11.1/056/lib/intel64 -L/opt/intel/Compiler/11.1/056/ipp/em64t/lib -L/opt/intel/Compiler/11.1/056/mkl/lib/em64t -L/opt/intel/Compiler/11.1/056/tbb/intel64/cc4.1.0_libc2.4_kernel2.6.16.21/lib -L/opt/intel/Compiler/11.1/056/lib/intel64 -L/opt/intel/Compiler/11.1/056/ipp/em64t/lib -L/opt/intel/Compiler/11.1/056/mkl/lib/em64t -L/opt/intel/Compiler/11.1/056/tbb/intel64/cc4.1.0_libc2.4_kernel2.6.16.21/lib -L/usr/lib/gcc/x86_64-linux-gnu/4.4.3/../../.. -L/usr/lib/x86_64-linux-gnu /tmp/cc58l6Qs.o -lgfortranbegin -lgfortran -lm -lgcc_s -lgcc -lc -lgcc_s -lgcc /usr/lib/gcc/x86_64-linux-gnu/4.4.3/crtend.o /usr/lib/gcc/x86_64-linux-gnu/4.4.3/../../../../lib/crtn.o
configure:5003: result: -v
configure:5005: checking for Fortran 77 libraries of gfortran
configure:5028: gfortran -o conftest -g -O2 -v conftest.f
Using built-in specs.
Target: x86_64-linux-gnu
Configured with: ../src/configure -v --with-pkgversion='Ubuntu 4.4.3-4ubuntu5' --with-bugurl=file:///usr/share/doc/gcc-4.4/README.Bugs --enable-languages=c,c++,fortran,objc,obj-c++ --prefix=/usr --enable-shared --enable-multiarch --enable-linker-build-id --with-system-zlib --libexecdir=/usr/lib --without-included-gettext --enable-threads=posix --with-gxx-include-dir=/usr/include/c++/4.4 --program-suffix=-4.4 --enable-nls --enable-clocale=gnu --enable-libstdcxx-debug --enable-plugin --enable-objc-gc --disable-werror --with-arch-32=i486 --with-tune=generic --enable-checking=release --build=x86_64-linux-gnu --host=x86_64-linux-gnu --target=x86_64-linux-gnu
Thread model: posix
gcc version 4.4.3 (Ubuntu 4.4.3-4ubuntu5) 
 /usr/lib/gcc/x86_64-linux-gnu/4.4.3/f951 conftest.f -ffixed-form -quiet -dumpbase conftest.f -mtune=generic -auxbase conftest -g -O2 -version -fintrinsic-modules-path /usr/lib/gcc/x86_64-linux-gnu/4.4.3/finclude -o /tmp/cc6ZZirM.s
GNU Fortran (Ubuntu 4.4.3-4ubuntu5) version 4.4.3 (x86_64-linux-gnu)
	compiled by GNU C version 4.4.3, GMP version 4.3.2, MPFR version 2.4.2-p1.
GGC heuristics: --param ggc-min-expand=100 --param ggc-min-heapsize=131072
GNU Fortran (Ubuntu 4.4.3-4ubuntu5) version 4.4.3 (x86_64-linux-gnu)
	compiled by GNU C version 4.4.3, GMP version 4.3.2, MPFR version 2.4.2-p1.
GGC heuristics: --param ggc-min-expand=100 --param ggc-min-heapsize=131072
 as -V -Qy -o /tmp/cc8UBkxw.o /tmp/cc6ZZirM.s
GNU assembler version 2.20.1 (x86_64-linux-gnu) using BFD version (GNU Binutils for Ubuntu) 2.20.1-system.20100303
 /usr/lib/gcc/x86_64-linux-gnu/4.4.3/collect2 --build-id --eh-frame-hdr -m elf_x86_64 --hash-style=both -dynamic-linker /lib64/ld-linux-x86-64.so.2 -o conftest -z relro /usr/lib/gcc/x86_64-linux-gnu/4.4.3/../../../../lib/crt1.o /usr/lib/gcc/x86_64-linux-gnu/4.4.3/../../../../lib/crti.o /usr/lib/gcc/x86_64-linux-gnu/4.4.3/crtbegin.o -L/opt/intel/Compiler/11.1/056/ipp/em64t/lib/../lib -L/opt/intel/Compiler/11.1/056/tbb/intel64/cc4.1.0_libc2.4_kernel2.6.16.21/lib/../lib -L/opt/intel/Compiler/11.1/056/ipp/em64t/lib/../lib -L/opt/intel/Compiler/11.1/056/tbb/intel64/cc4.1.0_libc2.4_kernel2.6.16.21/lib/../lib -L/usr/lib/gcc/x86_64-linux-gnu/4.4.3 -L/usr/lib/gcc/x86_64-linux-gnu/4.4.3 -L/usr/lib/gcc/x86_64-linux-gnu/4.4.3/../../../../lib -L/lib/../lib -L/usr/lib/../lib -L/opt/intel/Compiler/11.1/056/lib/intel64 -L/opt/intel/Compiler/11.1/056/ipp/em64t/lib -L/opt/intel/Compiler/11.1/056/mkl/lib/em64t -L/opt/intel/Compiler/11.1/056/tbb/intel64/cc4.1.0_libc2.4_kernel2.6.16.21/lib -L/opt/intel/Compiler/11.1/056/lib/intel64 -L/opt/intel/Compiler/11.1/056/ipp/em64t/lib -L/opt/intel/Compiler/11.1/056/mkl/lib/em64t -L/opt/intel/Compiler/11.1/056/tbb/intel64/cc4.1.0_libc2.4_kernel2.6.16.21/lib -L/usr/lib/gcc/x86_64-linux-gnu/4.4.3/../../.. -L/usr/lib/x86_64-linux-gnu /tmp/cc8UBkxw.o -lgfortranbegin -lgfortran -lm -lgcc_s -lgcc -lc -lgcc_s -lgcc /usr/lib/gcc/x86_64-linux-gnu/4.4.3/crtend.o /usr/lib/gcc/x86_64-linux-gnu/4.4.3/../../../../lib/crtn.o
configure:5202: result:  -L/opt/intel/Compiler/11.1/056/ipp/em64t/lib/../lib -L/opt/intel/Compiler/11.1/056/tbb/intel64/cc4.1.0_libc2.4_kernel2.6.16.21/lib/../lib -L/usr/lib/gcc/x86_64-linux-gnu/4.4.3 -L/usr/lib/gcc/x86_64-linux-gnu/4.4.3/../../../../lib -L/lib/../lib -L/usr/lib/../lib -L/opt/intel/Compiler/11.1/056/lib/intel64 -L/opt/intel/Compiler/11.1/056/ipp/em64t/lib -L/opt/intel/Compiler/11.1/056/mkl/lib/em64t -L/opt/intel/Compiler/11.1/056/tbb/intel64/cc4.1.0_libc2.4_kernel2.6.16.21/lib -L/usr/lib/gcc/x86_64-linux-gnu/4.4.3/../../.. -L/usr/lib/x86_64-linux-gnu -lgfortranbegin -lgfortran -lm
configure:5218: checking for dummy main to link with Fortran 77 libraries
configure:5252: gcc -o conftest -g -O2   conftest.c   -L/opt/intel/Compiler/11.1/056/ipp/em64t/lib/../lib -L/opt/intel/Compiler/11.1/056/tbb/intel64/cc4.1.0_libc2.4_kernel2.6.16.21/lib/../lib -L/usr/lib/gcc/x86_64-linux-gnu/4.4.3 -L/usr/lib/gcc/x86_64-linux-gnu/4.4.3/../../../../lib -L/lib/../lib -L/usr/lib/../lib -L/opt/intel/Compiler/11.1/056/lib/intel64 -L/opt/intel/Compiler/11.1/056/ipp/em64t/lib -L/opt/intel/Compiler/11.1/056/mkl/lib/em64t -L/opt/intel/Compiler/11.1/056/tbb/intel64/cc4.1.0_libc2.4_kernel2.6.16.21/lib -L/usr/lib/gcc/x86_64-linux-gnu/4.4.3/../../.. -L/usr/lib/x86_64-linux-gnu -lgfortranbegin -lgfortran -lm >&5
configure:5252: $? = 0
configure:5297: result: none
configure:5330: checking for Fortran 77 name-mangling scheme
configure:5343: gfortran -c -g -O2 conftest.f >&5
configure:5343: $? = 0
configure:5384: gcc -o conftest -g -O2   conftest.c cfortran_test.o   -L/opt/intel/Compiler/11.1/056/ipp/em64t/lib/../lib -L/opt/intel/Compiler/11.1/056/tbb/intel64/cc4.1.0_libc2.4_kernel2.6.16.21/lib/../lib -L/usr/lib/gcc/x86_64-linux-gnu/4.4.3 -L/usr/lib/gcc/x86_64-linux-gnu/4.4.3/../../../../lib -L/lib/../lib -L/usr/lib/../lib -L/opt/intel/Compiler/11.1/056/lib/intel64 -L/opt/intel/Compiler/11.1/056/ipp/em64t/lib -L/opt/intel/Compiler/11.1/056/mkl/lib/em64t -L/opt/intel/Compiler/11.1/056/tbb/intel64/cc4.1.0_libc2.4_kernel2.6.16.21/lib -L/usr/lib/gcc/x86_64-linux-gnu/4.4.3/../../.. -L/usr/lib/x86_64-linux-gnu -lgfortranbegin -lgfortran -lm >&5
/tmp/cc3NJccP.o: In function `main':
/home/mcminis2/src/espresso-4.2/conftest.c:40: undefined reference to `foobar'
collect2: ld returned 1 exit status
configure:5384: $? = 1
configure: failed program was:
| /* confdefs.h */
| #define PACKAGE_NAME "ESPRESSO"
| #define PACKAGE_TARNAME "espresso"
| #define PACKAGE_VERSION "4.2CVS"
| #define PACKAGE_STRING "ESPRESSO 4.2CVS"
| #define PACKAGE_BUGREPORT ""
| #define PACKAGE_URL ""
| #define STDC_HEADERS 1
| #define HAVE_SYS_TYPES_H 1
| #define HAVE_SYS_STAT_H 1
| #define HAVE_STDLIB_H 1
| #define HAVE_STRING_H 1
| #define HAVE_MEMORY_H 1
| #define HAVE_STRINGS_H 1
| #define HAVE_INTTYPES_H 1
| #define HAVE_STDINT_H 1
| #define HAVE_UNISTD_H 1
| #define SIZEOF_INT_P 8
| #define HAVE_MALLINFO 1
| /* end confdefs.h.  */
| 
| /* Override any GCC internal prototype to avoid an error.
|    Use char because int might match the return type of a GCC
|    builtin and then its argument prototype would still apply.  */
| #ifdef __cplusplus
| extern "C"
| #endif
| char foobar ();
| #ifdef F77_DUMMY_MAIN
| 
| #  ifdef __cplusplus
|      extern "C"
| #  endif
|    int F77_DUMMY_MAIN() { return 1; }
| 
| #endif
| int
| main ()
| {
| return foobar ();
|   ;
|   return 0;
| }
configure:5384: gcc -o conftest -g -O2   conftest.c cfortran_test.o   -L/opt/intel/Compiler/11.1/056/ipp/em64t/lib/../lib -L/opt/intel/Compiler/11.1/056/tbb/intel64/cc4.1.0_libc2.4_kernel2.6.16.21/lib/../lib -L/usr/lib/gcc/x86_64-linux-gnu/4.4.3 -L/usr/lib/gcc/x86_64-linux-gnu/4.4.3/../../../../lib -L/lib/../lib -L/usr/lib/../lib -L/opt/intel/Compiler/11.1/056/lib/intel64 -L/opt/intel/Compiler/11.1/056/ipp/em64t/lib -L/opt/intel/Compiler/11.1/056/mkl/lib/em64t -L/opt/intel/Compiler/11.1/056/tbb/intel64/cc4.1.0_libc2.4_kernel2.6.16.21/lib -L/usr/lib/gcc/x86_64-linux-gnu/4.4.3/../../.. -L/usr/lib/x86_64-linux-gnu -lgfortranbegin -lgfortran -lm >&5
configure:5384: $? = 0
configure:5442: gcc -o conftest -g -O2   conftest.c cfortran_test.o   -L/opt/intel/Compiler/11.1/056/ipp/em64t/lib/../lib -L/opt/intel/Compiler/11.1/056/tbb/intel64/cc4.1.0_libc2.4_kernel2.6.16.21/lib/../lib -L/usr/lib/gcc/x86_64-linux-gnu/4.4.3 -L/usr/lib/gcc/x86_64-linux-gnu/4.4.3/../../../../lib -L/lib/../lib -L/usr/lib/../lib -L/opt/intel/Compiler/11.1/056/lib/intel64 -L/opt/intel/Compiler/11.1/056/ipp/em64t/lib -L/opt/intel/Compiler/11.1/056/mkl/lib/em64t -L/opt/intel/Compiler/11.1/056/tbb/intel64/cc4.1.0_libc2.4_kernel2.6.16.21/lib -L/usr/lib/gcc/x86_64-linux-gnu/4.4.3/../../.. -L/usr/lib/x86_64-linux-gnu -lgfortranbegin -lgfortran -lm >&5
configure:5442: $? = 0
configure:5484: result: lower case, underscore, no extra underscore
configure:5877: checking for library containing dgemm
configure:5895: gfortran -o conftest -O3 -g  -x f95-cpp-input  -g -L/home/mcminis2/src/espresso-4.2/install conftest.f  >&5
/tmp/cckTBjWG.o: In function `main':
/home/mcminis2/src/espresso-4.2/conftest.f:2: undefined reference to `dgemm_'
collect2: ld returned 1 exit status
configure:5895: $? = 1
configure: failed program was:
|       program main
|       call dgemm
|       end
configure:5895: gfortran -o conftest -O3 -g  -x f95-cpp-input  -g -L/home/mcminis2/src/espresso-4.2/install conftest.f -lmkl_em64t_nothread   >&5
/usr/bin/ld: cannot find -lmkl_em64t_nothread
collect2: ld returned 1 exit status
configure:5895: $? = 1
configure: failed program was:
|       program main
|       call dgemm
|       end
configure:5912: result: no
configure:5877: checking for library containing dgemm
configure:5895: gfortran -o conftest -O3 -g  -x f95-cpp-input  -g -L/home/mcminis2/src/espresso-4.2/install -L/opt/intel/Compiler/11.0/074/mkl/lib/em64t conftest.f  >&5
/tmp/ccuQliOQ.o: In function `main':
/home/mcminis2/src/espresso-4.2/conftest.f:2: undefined reference to `dgemm_'
collect2: ld returned 1 exit status
configure:5895: $? = 1
configure: failed program was:
|       program main
|       call dgemm
|       end
configure:5895: gfortran -o conftest -O3 -g  -x f95-cpp-input  -g -L/home/mcminis2/src/espresso-4.2/install -L/opt/intel/Compiler/11.0/074/mkl/lib/em64t conftest.f -lmkl_em64t_nothread   >&5
/usr/bin/ld: cannot find -lmkl_em64t_nothread
collect2: ld returned 1 exit status
configure:5895: $? = 1
configure: failed program was:
|       program main
|       call dgemm
|       end
configure:5912: result: no
configure:5877: checking for library containing dgemm
configure:5895: gfortran -o conftest -O3 -g  -x f95-cpp-input  -g -L/home/mcminis2/src/espresso-4.2/install -L/opt/intel/Compiler/11.1/046/mkl/lib/em64t conftest.f  >&5
/tmp/ccECEIj1.o: In function `main':
/home/mcminis2/src/espresso-4.2/conftest.f:2: undefined reference to `dgemm_'
collect2: ld returned 1 exit status
configure:5895: $? = 1
configure: failed program was:
|       program main
|       call dgemm
|       end
configure:5895: gfortran -o conftest -O3 -g  -x f95-cpp-input  -g -L/home/mcminis2/src/espresso-4.2/install -L/opt/intel/Compiler/11.1/046/mkl/lib/em64t conftest.f -lmkl_em64t_nothread   >&5
/usr/bin/ld: cannot find -lmkl_em64t_nothread
collect2: ld returned 1 exit status
configure:5895: $? = 1
configure: failed program was:
|       program main
|       call dgemm
|       end
configure:5912: result: no
configure:5877: checking for library containing dgemm
configure:5895: gfortran -o conftest -O3 -g  -x f95-cpp-input  -g -L/home/mcminis2/src/espresso-4.2/install -L/opt/intel/Compiler/11.1/056/mkl/lib/em64t conftest.f  >&5
/tmp/ccmrErIb.o: In function `main':
/home/mcminis2/src/espresso-4.2/conftest.f:2: undefined reference to `dgemm_'
collect2: ld returned 1 exit status
configure:5895: $? = 1
configure: failed program was:
|       program main
|       call dgemm
|       end
configure:5895: gfortran -o conftest -O3 -g  -x f95-cpp-input  -g -L/home/mcminis2/src/espresso-4.2/install -L/opt/intel/Compiler/11.1/056/mkl/lib/em64t conftest.f -lmkl_em64t_nothread   >&5
/usr/bin/ld: cannot find -lmkl_em64t_nothread
collect2: ld returned 1 exit status
configure:5895: $? = 1
configure: failed program was:
|       program main
|       call dgemm
|       end
configure:5912: result: no
configure:5877: checking for library containing dgemm
configure:5895: gfortran -o conftest -O3 -g  -x f95-cpp-input  -g -L/home/mcminis2/src/espresso-4.2/install -L/opt/intel/mkl/10.0.1.014/lib/em64t conftest.f  >&5
/tmp/cc9Gt7mn.o: In function `main':
/home/mcminis2/src/espresso-4.2/conftest.f:2: undefined reference to `dgemm_'
collect2: ld returned 1 exit status
configure:5895: $? = 1
configure: failed program was:
|       program main
|       call dgemm
|       end
configure:5895: gfortran -o conftest -O3 -g  -x f95-cpp-input  -g -L/home/mcminis2/src/espresso-4.2/install -L/opt/intel/mkl/10.0.1.014/lib/em64t conftest.f -lmkl_em64t_nothread   >&5
/usr/bin/ld: cannot find -lmkl_em64t_nothread
collect2: ld returned 1 exit status
configure:5895: $? = 1
configure: failed program was:
|       program main
|       call dgemm
|       end
configure:5912: result: no
configure:5877: checking for library containing dgemm
configure:5895: gfortran -o conftest -O3 -g  -x f95-cpp-input  -g -L/home/mcminis2/src/espresso-4.2/install -L/opt/intel/mkl/10.0.3.020/lib/em64t conftest.f  >&5
/tmp/ccBddZ5v.o: In function `main':
/home/mcminis2/src/espresso-4.2/conftest.f:2: undefined reference to `dgemm_'
collect2: ld returned 1 exit status
configure:5895: $? = 1
configure: failed program was:
|       program main
|       call dgemm
|       end
configure:5895: gfortran -o conftest -O3 -g  -x f95-cpp-input  -g -L/home/mcminis2/src/espresso-4.2/install -L/opt/intel/mkl/10.0.3.020/lib/em64t conftest.f -lmkl_em64t_nothread   >&5
/usr/bin/ld: cannot find -lmkl_em64t_nothread
collect2: ld returned 1 exit status
configure:5895: $? = 1
configure: failed program was:
|       program main
|       call dgemm
|       end
configure:5912: result: no
configure:5877: checking for library containing dgemm
configure:5895: gfortran -o conftest -O3 -g  -x f95-cpp-input  -g -L/home/mcminis2/src/espresso-4.2/install -L/opt/intel/mkl/10.1.1.019/lib/em64t conftest.f  >&5
/tmp/ccxDKDNz.o: In function `main':
/home/mcminis2/src/espresso-4.2/conftest.f:2: undefined reference to `dgemm_'
collect2: ld returned 1 exit status
configure:5895: $? = 1
configure: failed program was:
|       program main
|       call dgemm
|       end
configure:5895: gfortran -o conftest -O3 -g  -x f95-cpp-input  -g -L/home/mcminis2/src/espresso-4.2/install -L/opt/intel/mkl/10.1.1.019/lib/em64t conftest.f -lmkl_em64t_nothread   >&5
/usr/bin/ld: cannot find -lmkl_em64t_nothread
collect2: ld returned 1 exit status
configure:5895: $? = 1
configure: failed program was:
|       program main
|       call dgemm
|       end
configure:5912: result: no
configure:5877: checking for library containing dgemm
configure:5895: gfortran -o conftest -O3 -g  -x f95-cpp-input  -g -L/home/mcminis2/src/espresso-4.2/install -L/opt/intel/mkl/10.2.1.017/lib/em64t conftest.f  >&5
/tmp/cc0IMdEK.o: In function `main':
/home/mcminis2/src/espresso-4.2/conftest.f:2: undefined reference to `dgemm_'
collect2: ld returned 1 exit status
configure:5895: $? = 1
configure: failed program was:
|       program main
|       call dgemm
|       end
configure:5895: gfortran -o conftest -O3 -g  -x f95-cpp-input  -g -L/home/mcminis2/src/espresso-4.2/install -L/opt/intel/mkl/10.2.1.017/lib/em64t conftest.f -lmkl_em64t_nothread   >&5
/usr/bin/ld: cannot find -lmkl_em64t_nothread
collect2: ld returned 1 exit status
configure:5895: $? = 1
configure: failed program was:
|       program main
|       call dgemm
|       end
configure:5912: result: no
configure:5877: checking for library containing dgemm
configure:5895: gfortran -o conftest -O3 -g  -x f95-cpp-input  -g -L/home/mcminis2/src/espresso-4.2/install -L/opt/intel/mkl/10.2.2.025/lib/em64t conftest.f  >&5
/tmp/ccTVu4bT.o: In function `main':
/home/mcminis2/src/espresso-4.2/conftest.f:2: undefined reference to `dgemm_'
collect2: ld returned 1 exit status
configure:5895: $? = 1
configure: failed program was:
|       program main
|       call dgemm
|       end
configure:5895: gfortran -o conftest -O3 -g  -x f95-cpp-input  -g -L/home/mcminis2/src/espresso-4.2/install -L/opt/intel/mkl/10.2.2.025/lib/em64t conftest.f -lmkl_em64t_nothread   >&5
/usr/bin/ld: cannot find -lmkl_em64t_nothread
collect2: ld returned 1 exit status
configure:5895: $? = 1
configure: failed program was:
|       program main
|       call dgemm
|       end
configure:5912: result: no
configure:5877: checking for library containing dgemm
configure:5895: gfortran -o conftest -O3 -g  -x f95-cpp-input  -g -L/home/mcminis2/src/espresso-4.2/install -L/opt/intel/mkl/9.1/lib/em64t conftest.f  >&5
/tmp/cc6Gh3A3.o: In function `main':
/home/mcminis2/src/espresso-4.2/conftest.f:2: undefined reference to `dgemm_'
collect2: ld returned 1 exit status
configure:5895: $? = 1
configure: failed program was:
|       program main
|       call dgemm
|       end
configure:5895: gfortran -o conftest -O3 -g  -x f95-cpp-input  -g -L/home/mcminis2/src/espresso-4.2/install -L/opt/intel/mkl/9.1/lib/em64t conftest.f -lmkl_em64t_nothread   >&5
/usr/bin/ld: cannot find -lmkl_em64t_nothread
collect2: ld returned 1 exit status
configure:5895: $? = 1
configure: failed program was:
|       program main
|       call dgemm
|       end
configure:5912: result: no
configure:5877: checking for library containing dgemm
configure:5895: gfortran -o conftest -O3 -g  -x f95-cpp-input  -g -L/home/mcminis2/src/espresso-4.2/install -L/opt/intel/mkl*/lib/em64t conftest.f  >&5
/tmp/ccD66kaf.o: In function `main':
/home/mcminis2/src/espresso-4.2/conftest.f:2: undefined reference to `dgemm_'
collect2: ld returned 1 exit status
configure:5895: $? = 1
configure: failed program was:
|       program main
|       call dgemm
|       end
configure:5895: gfortran -o conftest -O3 -g  -x f95-cpp-input  -g -L/home/mcminis2/src/espresso-4.2/install -L/opt/intel/mkl*/lib/em64t conftest.f -lmkl_em64t_nothread   >&5
/usr/bin/ld: cannot find -lmkl_em64t_nothread
collect2: ld returned 1 exit status
configure:5895: $? = 1
configure: failed program was:
|       program main
|       call dgemm
|       end
configure:5912: result: no
configure:5877: checking for library containing dgemm
configure:5895: gfortran -o conftest -O3 -g  -x f95-cpp-input  -g -L/home/mcminis2/src/espresso-4.2/install -L/home/mcminis2/src/hdf5-1.8.3/lib conftest.f  >&5
/tmp/cc22HNrq.o: In function `main':
/home/mcminis2/src/espresso-4.2/conftest.f:2: undefined reference to `dgemm_'
collect2: ld returned 1 exit status
configure:5895: $? = 1
configure: failed program was:
|       program main
|       call dgemm
|       end
configure:5895: gfortran -o conftest -O3 -g  -x f95-cpp-input  -g -L/home/mcminis2/src/espresso-4.2/install -L/home/mcminis2/src/hdf5-1.8.3/lib conftest.f -lmkl_em64t_nothread   >&5
/usr/bin/ld: cannot find -lmkl_em64t_nothread
collect2: ld returned 1 exit status
configure:5895: $? = 1
configure: failed program was:
|       program main
|       call dgemm
|       end
configure:5912: result: no
configure:5877: checking for library containing dgemm
configure:5895: gfortran -o conftest -O3 -g  -x f95-cpp-input  -g -L/home/mcminis2/src/espresso-4.2/install -L/opt/intel/Compiler/11.1/046/mkl/lib/em64t conftest.f  >&5
/tmp/ccGTeQrA.o: In function `main':
/home/mcminis2/src/espresso-4.2/conftest.f:2: undefined reference to `dgemm_'
collect2: ld returned 1 exit status
configure:5895: $? = 1
configure: failed program was:
|       program main
|       call dgemm
|       end
configure:5895: gfortran -o conftest -O3 -g  -x f95-cpp-input  -g -L/home/mcminis2/src/espresso-4.2/install -L/opt/intel/Compiler/11.1/046/mkl/lib/em64t conftest.f -lmkl_em64t_nothread   >&5
/usr/bin/ld: cannot find -lmkl_em64t_nothread
collect2: ld returned 1 exit status
configure:5895: $? = 1
configure: failed program was:
|       program main
|       call dgemm
|       end
configure:5912: result: no
configure:5877: checking for library containing dgemm
configure:5895: gfortran -o conftest -O3 -g  -x f95-cpp-input  -g -L/home/mcminis2/src/espresso-4.2/install -L/opt/intel/Compiler/11.1/056/lib/intel64 conftest.f  >&5
/tmp/cct48IaL.o: In function `main':
/home/mcminis2/src/espresso-4.2/conftest.f:2: undefined reference to `dgemm_'
collect2: ld returned 1 exit status
configure:5895: $? = 1
configure: failed program was:
|       program main
|       call dgemm
|       end
configure:5895: gfortran -o conftest -O3 -g  -x f95-cpp-input  -g -L/home/mcminis2/src/espresso-4.2/install -L/opt/intel/Compiler/11.1/056/lib/intel64 conftest.f -lmkl_em64t_nothread   >&5
/usr/bin/ld: cannot find -lmkl_em64t_nothread
collect2: ld returned 1 exit status
configure:5895: $? = 1
configure: failed program was:
|       program main
|       call dgemm
|       end
configure:5912: result: no
configure:5877: checking for library containing dgemm
configure:5895: gfortran -o conftest -O3 -g  -x f95-cpp-input  -g -L/home/mcminis2/src/espresso-4.2/install -L/opt/intel/Compiler/11.1/056/ipp/em64t/sharedlib conftest.f  >&5
/tmp/ccf3IeyJ.o: In function `main':
/home/mcminis2/src/espresso-4.2/conftest.f:2: undefined reference to `dgemm_'
collect2: ld returned 1 exit status
configure:5895: $? = 1
configure: failed program was:
|       program main
|       call dgemm
|       end
configure:5895: gfortran -o conftest -O3 -g  -x f95-cpp-input  -g -L/home/mcminis2/src/espresso-4.2/install -L/opt/intel/Compiler/11.1/056/ipp/em64t/sharedlib conftest.f -lmkl_em64t_nothread   >&5
/usr/bin/ld: cannot find -lmkl_em64t_nothread
collect2: ld returned 1 exit status
configure:5895: $? = 1
configure: failed program was:
|       program main
|       call dgemm
|       end
configure:5912: result: no
configure:5877: checking for library containing dgemm
configure:5895: gfortran -o conftest -O3 -g  -x f95-cpp-input  -g -L/home/mcminis2/src/espresso-4.2/install -L/opt/intel/Compiler/11.1/056/mkl/lib/em64t conftest.f  >&5
/tmp/cc6ym3VW.o: In function `main':
/home/mcminis2/src/espresso-4.2/conftest.f:2: undefined reference to `dgemm_'
collect2: ld returned 1 exit status
configure:5895: $? = 1
configure: failed program was:
|       program main
|       call dgemm
|       end
configure:5895: gfortran -o conftest -O3 -g  -x f95-cpp-input  -g -L/home/mcminis2/src/espresso-4.2/install -L/opt/intel/Compiler/11.1/056/mkl/lib/em64t conftest.f -lmkl_em64t_nothread   >&5
/usr/bin/ld: cannot find -lmkl_em64t_nothread
collect2: ld returned 1 exit status
configure:5895: $? = 1
configure: failed program was:
|       program main
|       call dgemm
|       end
configure:5912: result: no
configure:5877: checking for library containing dgemm
configure:5895: gfortran -o conftest -O3 -g  -x f95-cpp-input  -g -L/home/mcminis2/src/espresso-4.2/install -L/opt/intel/Compiler/11.1/056/tbb/intel64/cc4.1.0_libc2.4_kernel2.6.16.21/lib conftest.f  >&5
/tmp/ccxFLlG7.o: In function `main':
/home/mcminis2/src/espresso-4.2/conftest.f:2: undefined reference to `dgemm_'
collect2: ld returned 1 exit status
configure:5895: $? = 1
configure: failed program was:
|       program main
|       call dgemm
|       end
configure:5895: gfortran -o conftest -O3 -g  -x f95-cpp-input  -g -L/home/mcminis2/src/espresso-4.2/install -L/opt/intel/Compiler/11.1/056/tbb/intel64/cc4.1.0_libc2.4_kernel2.6.16.21/lib conftest.f -lmkl_em64t_nothread   >&5
/usr/bin/ld: cannot find -lmkl_em64t_nothread
collect2: ld returned 1 exit status
configure:5895: $? = 1
configure: failed program was:
|       program main
|       call dgemm
|       end
configure:5912: result: no
configure:5877: checking for library containing dgemm
configure:5895: gfortran -o conftest -O3 -g  -x f95-cpp-input  -g -L/home/mcminis2/src/espresso-4.2/install -L/opt/intel/Compiler/11.1/056/lib/intel64 conftest.f  >&5
/tmp/ccwGNaMh.o: In function `main':
/home/mcminis2/src/espresso-4.2/conftest.f:2: undefined reference to `dgemm_'
collect2: ld returned 1 exit status
configure:5895: $? = 1
configure: failed program was:
|       program main
|       call dgemm
|       end
configure:5895: gfortran -o conftest -O3 -g  -x f95-cpp-input  -g -L/home/mcminis2/src/espresso-4.2/install -L/opt/intel/Compiler/11.1/056/lib/intel64 conftest.f -lmkl_em64t_nothread   >&5
/usr/bin/ld: cannot find -lmkl_em64t_nothread
collect2: ld returned 1 exit status
configure:5895: $? = 1
configure: failed program was:
|       program main
|       call dgemm
|       end
configure:5912: result: no
configure:5877: checking for library containing dgemm
configure:5895: gfortran -o conftest -O3 -g  -x f95-cpp-input  -g -L/home/mcminis2/src/espresso-4.2/install -L/opt/intel/Compiler/11.1/056/ipp/em64t/sharedlib conftest.f  >&5
/tmp/ccXNVzps.o: In function `main':
/home/mcminis2/src/espresso-4.2/conftest.f:2: undefined reference to `dgemm_'
collect2: ld returned 1 exit status
configure:5895: $? = 1
configure: failed program was:
|       program main
|       call dgemm
|       end
configure:5895: gfortran -o conftest -O3 -g  -x f95-cpp-input  -g -L/home/mcminis2/src/espresso-4.2/install -L/opt/intel/Compiler/11.1/056/ipp/em64t/sharedlib conftest.f -lmkl_em64t_nothread   >&5
/usr/bin/ld: cannot find -lmkl_em64t_nothread
collect2: ld returned 1 exit status
configure:5895: $? = 1
configure: failed program was:
|       program main
|       call dgemm
|       end
configure:5912: result: no
configure:5877: checking for library containing dgemm
configure:5895: gfortran -o conftest -O3 -g  -x f95-cpp-input  -g -L/home/mcminis2/src/espresso-4.2/install -L/opt/intel/Compiler/11.1/056/mkl/lib/em64t conftest.f  >&5
/tmp/ccrGd1DC.o: In function `main':
/home/mcminis2/src/espresso-4.2/conftest.f:2: undefined reference to `dgemm_'
collect2: ld returned 1 exit status
configure:5895: $? = 1
configure: failed program was:
|       program main
|       call dgemm
|       end
configure:5895: gfortran -o conftest -O3 -g  -x f95-cpp-input  -g -L/home/mcminis2/src/espresso-4.2/install -L/opt/intel/Compiler/11.1/056/mkl/lib/em64t conftest.f -lmkl_em64t_nothread   >&5
/usr/bin/ld: cannot find -lmkl_em64t_nothread
collect2: ld returned 1 exit status
configure:5895: $? = 1
configure: failed program was:
|       program main
|       call dgemm
|       end
configure:5912: result: no
configure:5877: checking for library containing dgemm
configure:5895: gfortran -o conftest -O3 -g  -x f95-cpp-input  -g -L/home/mcminis2/src/espresso-4.2/install -L/opt/intel/Compiler/11.1/056/tbb/intel64/cc4.1.0_libc2.4_kernel2.6.16.21/lib conftest.f  >&5
/tmp/ccD5H4VL.o: In function `main':
/home/mcminis2/src/espresso-4.2/conftest.f:2: undefined reference to `dgemm_'
collect2: ld returned 1 exit status
configure:5895: $? = 1
configure: failed program was:
|       program main
|       call dgemm
|       end
configure:5895: gfortran -o conftest -O3 -g  -x f95-cpp-input  -g -L/home/mcminis2/src/espresso-4.2/install -L/opt/intel/Compiler/11.1/056/tbb/intel64/cc4.1.0_libc2.4_kernel2.6.16.21/lib conftest.f -lmkl_em64t_nothread   >&5
/usr/bin/ld: cannot find -lmkl_em64t_nothread
collect2: ld returned 1 exit status
configure:5895: $? = 1
configure: failed program was:
|       program main
|       call dgemm
|       end
configure:5912: result: no
configure:5877: checking for library containing dgemm
configure:5895: gfortran -o conftest -O3 -g  -x f95-cpp-input  -g -L/home/mcminis2/src/espresso-4.2/install -L/usr/lib conftest.f  >&5
/tmp/cca24BcY.o: In function `main':
/home/mcminis2/src/espresso-4.2/conftest.f:2: undefined reference to `dgemm_'
collect2: ld returned 1 exit status
configure:5895: $? = 1
configure: failed program was:
|       program main
|       call dgemm
|       end
configure:5895: gfortran -o conftest -O3 -g  -x f95-cpp-input  -g -L/home/mcminis2/src/espresso-4.2/install -L/usr/lib conftest.f -lmkl_em64t_nothread   >&5
/usr/bin/ld: cannot find -lmkl_em64t_nothread
collect2: ld returned 1 exit status
configure:5895: $? = 1
configure: failed program was:
|       program main
|       call dgemm
|       end
configure:5912: result: no
configure:5877: checking for library containing dgemm
configure:5895: gfortran -o conftest -O3 -g  -x f95-cpp-input  -g -L/home/mcminis2/src/espresso-4.2/install -L/usr/local/lib conftest.f  >&5
/tmp/ccR80RPW.o: In function `main':
/home/mcminis2/src/espresso-4.2/conftest.f:2: undefined reference to `dgemm_'
collect2: ld returned 1 exit status
configure:5895: $? = 1
configure: failed program was:
|       program main
|       call dgemm
|       end
configure:5895: gfortran -o conftest -O3 -g  -x f95-cpp-input  -g -L/home/mcminis2/src/espresso-4.2/install -L/usr/local/lib conftest.f -lmkl_em64t_nothread   >&5
/usr/bin/ld: cannot find -lmkl_em64t_nothread
collect2: ld returned 1 exit status
configure:5895: $? = 1
configure: failed program was:
|       program main
|       call dgemm
|       end
configure:5912: result: no
configure:6418: checking for library containing dgemm
configure:6436: gfortran -o conftest -O3 -g  -x f95-cpp-input -g  conftest.f -latlas >&5
/tmp/ccRDJjr6.o: In function `main':
/home/mcminis2/src/espresso-4.2/conftest.f:2: undefined reference to `dgemm_'
collect2: ld returned 1 exit status
configure:6436: $? = 1
configure: failed program was:
|       program main
|       call dgemm
|       end
configure:6436: gfortran -o conftest -O3 -g  -x f95-cpp-input -g  conftest.f -lf77blas -lg2c -latlas >&5
/usr/bin/ld: cannot find -lg2c
collect2: ld returned 1 exit status
configure:6436: $? = 1
configure: failed program was:
|       program main
|       call dgemm
|       end
configure:6453: result: no
configure:6418: checking for library containing dgemm
configure:6436: gfortran -o conftest -O3 -g  -x f95-cpp-input -g -L/usr/local/lib conftest.f -latlas >&5
/tmp/cc09463k.o: In function `main':
/home/mcminis2/src/espresso-4.2/conftest.f:2: undefined reference to `dgemm_'
collect2: ld returned 1 exit status
configure:6436: $? = 1
configure: failed program was:
|       program main
|       call dgemm
|       end
configure:6436: gfortran -o conftest -O3 -g  -x f95-cpp-input -g -L/usr/local/lib conftest.f -lf77blas -lg2c -latlas >&5
/usr/bin/ld: cannot find -lg2c
collect2: ld returned 1 exit status
configure:6436: $? = 1
configure: failed program was:
|       program main
|       call dgemm
|       end
configure:6453: result: no
configure:6418: checking for library containing dgemm
configure:6436: gfortran -o conftest -O3 -g  -x f95-cpp-input -g -L/home/mcminis2/src/hdf5-1.8.3/lib conftest.f -latlas >&5
/tmp/ccq1MtKt.o: In function `main':
/home/mcminis2/src/espresso-4.2/conftest.f:2: undefined reference to `dgemm_'
collect2: ld returned 1 exit status
configure:6436: $? = 1
configure: failed program was:
|       program main
|       call dgemm
|       end
configure:6436: gfortran -o conftest -O3 -g  -x f95-cpp-input -g -L/home/mcminis2/src/hdf5-1.8.3/lib conftest.f -lf77blas -lg2c -latlas >&5
/usr/bin/ld: cannot find -lg2c
collect2: ld returned 1 exit status
configure:6436: $? = 1
configure: failed program was:
|       program main
|       call dgemm
|       end
configure:6453: result: no
configure:6418: checking for library containing dgemm
configure:6436: gfortran -o conftest -O3 -g  -x f95-cpp-input -g -L/opt/intel/Compiler/11.1/046/mkl/lib/em64t conftest.f -latlas >&5
/tmp/cckcdeLH.o: In function `main':
/home/mcminis2/src/espresso-4.2/conftest.f:2: undefined reference to `dgemm_'
collect2: ld returned 1 exit status
configure:6436: $? = 1
configure: failed program was:
|       program main
|       call dgemm
|       end
configure:6436: gfortran -o conftest -O3 -g  -x f95-cpp-input -g -L/opt/intel/Compiler/11.1/046/mkl/lib/em64t conftest.f -lf77blas -lg2c -latlas >&5
/usr/bin/ld: cannot find -lg2c
collect2: ld returned 1 exit status
configure:6436: $? = 1
configure: failed program was:
|       program main
|       call dgemm
|       end
configure:6453: result: no
configure:6418: checking for library containing dgemm
configure:6436: gfortran -o conftest -O3 -g  -x f95-cpp-input -g -L/opt/intel/Compiler/11.1/056/lib/intel64 conftest.f -latlas >&5
/tmp/ccLmCGDS.o: In function `main':
/home/mcminis2/src/espresso-4.2/conftest.f:2: undefined reference to `dgemm_'
collect2: ld returned 1 exit status
configure:6436: $? = 1
configure: failed program was:
|       program main
|       call dgemm
|       end
configure:6436: gfortran -o conftest -O3 -g  -x f95-cpp-input -g -L/opt/intel/Compiler/11.1/056/lib/intel64 conftest.f -lf77blas -lg2c -latlas >&5
/usr/bin/ld: cannot find -lg2c
collect2: ld returned 1 exit status
configure:6436: $? = 1
configure: failed program was:
|       program main
|       call dgemm
|       end
configure:6453: result: no
configure:6418: checking for library containing dgemm
configure:6436: gfortran -o conftest -O3 -g  -x f95-cpp-input -g -L/opt/intel/Compiler/11.1/056/ipp/em64t/sharedlib conftest.f -latlas >&5
/tmp/ccknx094.o: In function `main':
/home/mcminis2/src/espresso-4.2/conftest.f:2: undefined reference to `dgemm_'
collect2: ld returned 1 exit status
configure:6436: $? = 1
configure: failed program was:
|       program main
|       call dgemm
|       end
configure:6436: gfortran -o conftest -O3 -g  -x f95-cpp-input -g -L/opt/intel/Compiler/11.1/056/ipp/em64t/sharedlib conftest.f -lf77blas -lg2c -latlas >&5
/usr/bin/ld: cannot find -lg2c
collect2: ld returned 1 exit status
configure:6436: $? = 1
configure: failed program was:
|       program main
|       call dgemm
|       end
configure:6453: result: no
configure:6418: checking for library containing dgemm
configure:6436: gfortran -o conftest -O3 -g  -x f95-cpp-input -g -L/opt/intel/Compiler/11.1/056/mkl/lib/em64t conftest.f -latlas >&5
/tmp/ccdkOSG3.o: In function `main':
/home/mcminis2/src/espresso-4.2/conftest.f:2: undefined reference to `dgemm_'
collect2: ld returned 1 exit status
configure:6436: $? = 1
configure: failed program was:
|       program main
|       call dgemm
|       end
configure:6436: gfortran -o conftest -O3 -g  -x f95-cpp-input -g -L/opt/intel/Compiler/11.1/056/mkl/lib/em64t conftest.f -lf77blas -lg2c -latlas >&5
/usr/bin/ld: cannot find -lg2c
collect2: ld returned 1 exit status
configure:6436: $? = 1
configure: failed program was:
|       program main
|       call dgemm
|       end
configure:6453: result: no
configure:6418: checking for library containing dgemm
configure:6436: gfortran -o conftest -O3 -g  -x f95-cpp-input -g -L/opt/intel/Compiler/11.1/056/tbb/intel64/cc4.1.0_libc2.4_kernel2.6.16.21/lib conftest.f -latlas >&5
/tmp/cce2SrBe.o: In function `main':
/home/mcminis2/src/espresso-4.2/conftest.f:2: undefined reference to `dgemm_'
collect2: ld returned 1 exit status
configure:6436: $? = 1
configure: failed program was:
|       program main
|       call dgemm
|       end
configure:6436: gfortran -o conftest -O3 -g  -x f95-cpp-input -g -L/opt/intel/Compiler/11.1/056/tbb/intel64/cc4.1.0_libc2.4_kernel2.6.16.21/lib conftest.f -lf77blas -lg2c -latlas >&5
/usr/bin/ld: cannot find -lg2c
collect2: ld returned 1 exit status
configure:6436: $? = 1
configure: failed program was:
|       program main
|       call dgemm
|       end
configure:6453: result: no
configure:6418: checking for library containing dgemm
configure:6436: gfortran -o conftest -O3 -g  -x f95-cpp-input -g -L/opt/intel/Compiler/11.1/056/lib/intel64 conftest.f -latlas >&5
/tmp/cclMb6ts.o: In function `main':
/home/mcminis2/src/espresso-4.2/conftest.f:2: undefined reference to `dgemm_'
collect2: ld returned 1 exit status
configure:6436: $? = 1
configure: failed program was:
|       program main
|       call dgemm
|       end
configure:6436: gfortran -o conftest -O3 -g  -x f95-cpp-input -g -L/opt/intel/Compiler/11.1/056/lib/intel64 conftest.f -lf77blas -lg2c -latlas >&5
/usr/bin/ld: cannot find -lg2c
collect2: ld returned 1 exit status
configure:6436: $? = 1
configure: failed program was:
|       program main
|       call dgemm
|       end
configure:6453: result: no
configure:6418: checking for library containing dgemm
configure:6436: gfortran -o conftest -O3 -g  -x f95-cpp-input -g -L/opt/intel/Compiler/11.1/056/ipp/em64t/sharedlib conftest.f -latlas >&5
/tmp/cc2Gl3KC.o: In function `main':
/home/mcminis2/src/espresso-4.2/conftest.f:2: undefined reference to `dgemm_'
collect2: ld returned 1 exit status
configure:6436: $? = 1
configure: failed program was:
|       program main
|       call dgemm
|       end
configure:6436: gfortran -o conftest -O3 -g  -x f95-cpp-input -g -L/opt/intel/Compiler/11.1/056/ipp/em64t/sharedlib conftest.f -lf77blas -lg2c -latlas >&5
/usr/bin/ld: cannot find -lg2c
collect2: ld returned 1 exit status
configure:6436: $? = 1
configure: failed program was:
|       program main
|       call dgemm
|       end
configure:6453: result: no
configure:6418: checking for library containing dgemm
configure:6436: gfortran -o conftest -O3 -g  -x f95-cpp-input -g -L/opt/intel/Compiler/11.1/056/mkl/lib/em64t conftest.f -latlas >&5
/tmp/ccHwquTN.o: In function `main':
/home/mcminis2/src/espresso-4.2/conftest.f:2: undefined reference to `dgemm_'
collect2: ld returned 1 exit status
configure:6436: $? = 1
configure: failed program was:
|       program main
|       call dgemm
|       end
configure:6436: gfortran -o conftest -O3 -g  -x f95-cpp-input -g -L/opt/intel/Compiler/11.1/056/mkl/lib/em64t conftest.f -lf77blas -lg2c -latlas >&5
/usr/bin/ld: cannot find -lg2c
collect2: ld returned 1 exit status
configure:6436: $? = 1
configure: failed program was:
|       program main
|       call dgemm
|       end
configure:6453: result: no
configure:6418: checking for library containing dgemm
configure:6436: gfortran -o conftest -O3 -g  -x f95-cpp-input -g -L/opt/intel/Compiler/11.1/056/tbb/intel64/cc4.1.0_libc2.4_kernel2.6.16.21/lib conftest.f -latlas >&5
/tmp/ccm2HCvW.o: In function `main':
/home/mcminis2/src/espresso-4.2/conftest.f:2: undefined reference to `dgemm_'
collect2: ld returned 1 exit status
configure:6436: $? = 1
configure: failed program was:
|       program main
|       call dgemm
|       end
configure:6436: gfortran -o conftest -O3 -g  -x f95-cpp-input -g -L/opt/intel/Compiler/11.1/056/tbb/intel64/cc4.1.0_libc2.4_kernel2.6.16.21/lib conftest.f -lf77blas -lg2c -latlas >&5
/usr/bin/ld: cannot find -lg2c
collect2: ld returned 1 exit status
configure:6436: $? = 1
configure: failed program was:
|       program main
|       call dgemm
|       end
configure:6453: result: no
configure:6418: checking for library containing dgemm
configure:6436: gfortran -o conftest -O3 -g  -x f95-cpp-input -g -L/usr/lib conftest.f -latlas >&5
/tmp/cc55w2A7.o: In function `main':
/home/mcminis2/src/espresso-4.2/conftest.f:2: undefined reference to `dgemm_'
collect2: ld returned 1 exit status
configure:6436: $? = 1
configure: failed program was:
|       program main
|       call dgemm
|       end
configure:6436: gfortran -o conftest -O3 -g  -x f95-cpp-input -g -L/usr/lib conftest.f -lf77blas -lg2c -latlas >&5
/usr/bin/ld: cannot find -lg2c
collect2: ld returned 1 exit status
configure:6436: $? = 1
configure: failed program was:
|       program main
|       call dgemm
|       end
configure:6453: result: no
configure:6418: checking for library containing dgemm
configure:6436: gfortran -o conftest -O3 -g  -x f95-cpp-input -g -L/usr/local/lib conftest.f -latlas >&5
/tmp/ccuaZKI9.o: In function `main':
/home/mcminis2/src/espresso-4.2/conftest.f:2: undefined reference to `dgemm_'
collect2: ld returned 1 exit status
configure:6436: $? = 1
configure: failed program was:
|       program main
|       call dgemm
|       end
configure:6436: gfortran -o conftest -O3 -g  -x f95-cpp-input -g -L/usr/local/lib conftest.f -lf77blas -lg2c -latlas >&5
/usr/bin/ld: cannot find -lg2c
collect2: ld returned 1 exit status
configure:6436: $? = 1
configure: failed program was:
|       program main
|       call dgemm
|       end
configure:6453: result: no
configure:6488: checking for library containing dgemm
configure:6506: gfortran -o conftest -O3 -g  -x f95-cpp-input -g  conftest.f  >&5
/tmp/ccbdhDkn.o: In function `main':
/home/mcminis2/src/espresso-4.2/conftest.f:2: undefined reference to `dgemm_'
collect2: ld returned 1 exit status
configure:6506: $? = 1
configure: failed program was:
|       program main
|       call dgemm
|       end
configure:6506: gfortran -o conftest -O3 -g  -x f95-cpp-input -g  conftest.f -lblas   >&5
configure:6506: $? = 0
configure:6523: result: -lblas
configure:6804: checking for library containing dspev
configure:6822: gfortran -o conftest -O3 -g  -x f95-cpp-input -g  conftest.f  -lblas  >&5
/tmp/ccZboN6A.o: In function `main':
/home/mcminis2/src/espresso-4.2/conftest.f:2: undefined reference to `dspev_'
collect2: ld returned 1 exit status
configure:6822: $? = 1
configure: failed program was:
|       program main
|       call dspev
|       end
configure:6822: gfortran -o conftest -O3 -g  -x f95-cpp-input -g  conftest.f -llapack   -lblas  >&5
configure:6822: $? = 0
configure:6839: result: -llapack
configure:7292: checking for library containing dfftw_execute_dft
configure:7310: gfortran -o conftest -O3 -g  -x f95-cpp-input   conftest.f  >&5
/tmp/ccrvjkEN.o: In function `main':
/home/mcminis2/src/espresso-4.2/conftest.f:2: undefined reference to `dfftw_execute_dft_'
collect2: ld returned 1 exit status
configure:7310: $? = 1
configure: failed program was:
|       program main
|       call dfftw_execute_dft
|       end
configure:7310: gfortran -o conftest -O3 -g  -x f95-cpp-input   conftest.f -lfftw3 -lm  >&5
configure:7310: $? = 0
configure:7327: result: -lfftw3
configure:7524: checking for library containing mpi_init
configure:7542: gfortran -o conftest -O3 -g  -x f95-cpp-input -g conftest.f  >&5
/tmp/ccns06T2.o: In function `main':
/home/mcminis2/src/espresso-4.2/conftest.f:2: undefined reference to `mpi_init_'
collect2: ld returned 1 exit status
configure:7542: $? = 1
configure: failed program was:
|       program main
|       call mpi_init
|       end
configure:7542: gfortran -o conftest -O3 -g  -x f95-cpp-input -g conftest.f -lmpi   >&5
/usr/bin/ld: cannot find -lmpi
collect2: ld returned 1 exit status
configure:7542: $? = 1
configure: failed program was:
|       program main
|       call mpi_init
|       end
configure:7559: result: no
configure:7578: checking for library containing mpi_init
configure:7613: result: no
configure:7807: checking for ranlib
configure:7823: found /usr/bin/ranlib
configure:7835: result: ranlib
configure:8050: creating ./config.status

## ---------------------- ##
## Running config.status. ##
## ---------------------- ##

This file was extended by ESPRESSO config.status 4.2CVS, which was
generated by GNU Autoconf 2.65.  Invocation command line was

  CONFIG_FILES    = 
  CONFIG_HEADERS  = 
  CONFIG_LINKS    = 
  CONFIG_COMMANDS = 
  $ ./config.status 

on mcminis

config.status:864: creating include/fft_defs.h
config.status:864: creating make.sys
config.status:864: creating configure.msg
config.status:864: creating plugins/install/make_wannier90.sys
config.status:864: creating extlibs/install/make_blas.inc
config.status:864: creating extlibs/install/make_lapack.inc
config.status:864: creating include/c_defs.h
config.status:1018: include/c_defs.h is unchanged

## ---------------- ##
## Cache variables. ##
## ---------------- ##

ac_cv_build=x86_64-unknown-linux-gnu
ac_cv_c_compiler_gnu=yes
ac_cv_env_CC_set=set
ac_cv_env_CC_value=gcc
ac_cv_env_CFLAGS_set=
ac_cv_env_CFLAGS_value=
ac_cv_env_CPPFLAGS_set=
ac_cv_env_CPPFLAGS_value=
ac_cv_env_CPP_set=
ac_cv_env_CPP_value=
ac_cv_env_F77_set=set
ac_cv_env_F77_value=gfortran
ac_cv_env_FFLAGS_set=
ac_cv_env_FFLAGS_value=
ac_cv_env_LDFLAGS_set=
ac_cv_env_LDFLAGS_value=
ac_cv_env_LIBS_set=
ac_cv_env_LIBS_value=
ac_cv_env_build_alias_set=
ac_cv_env_build_alias_value=
ac_cv_env_host_alias_set=
ac_cv_env_host_alias_value=
ac_cv_env_target_alias_set=
ac_cv_env_target_alias_value=
ac_cv_f77_compiler_gnu=yes
ac_cv_f77_dummy_main=none
ac_cv_f77_libs=' -L/opt/intel/Compiler/11.1/056/ipp/em64t/lib/../lib -L/opt/intel/Compiler/11.1/056/tbb/intel64/cc4.1.0_libc2.4_kernel2.6.16.21/lib/../lib -L/usr/lib/gcc/x86_64-linux-gnu/4.4.3 -L/usr/lib/gcc/x86_64-linux-gnu/4.4.3/../../../../lib -L/lib/../lib -L/usr/lib/../lib -L/opt/intel/Compiler/11.1/056/lib/intel64 -L/opt/intel/Compiler/11.1/056/ipp/em64t/lib -L/opt/intel/Compiler/11.1/056/mkl/lib/em64t -L/opt/intel/Compiler/11.1/056/tbb/intel64/cc4.1.0_libc2.4_kernel2.6.16.21/lib -L/usr/lib/gcc/x86_64-linux-gnu/4.4.3/../../.. -L/usr/lib/x86_64-linux-gnu -lgfortranbegin -lgfortran -lm'
ac_cv_f77_mangling='lower case, underscore, no extra underscore'
ac_cv_fortran_dummy_main=none
ac_cv_header_inttypes_h=yes
ac_cv_header_malloc_h=yes
ac_cv_header_memory_h=yes
ac_cv_header_stdc=yes
ac_cv_header_stdint_h=yes
ac_cv_header_stdlib_h=yes
ac_cv_header_string_h=yes
ac_cv_header_strings_h=yes
ac_cv_header_sys_stat_h=yes
ac_cv_header_sys_types_h=yes
ac_cv_header_unistd_h=yes
ac_cv_member_struct_mallinfo_arena=yes
ac_cv_objext=o
ac_cv_path_EGREP='/bin/grep -E'
ac_cv_path_GREP=/bin/grep
ac_cv_prog_CPP='gcc -E'
ac_cv_prog_ac_ct_F77=gfortran
ac_cv_prog_cc_c89=
ac_cv_prog_cc_g=yes
ac_cv_prog_f77_g=yes
ac_cv_prog_f77_v=-v
ac_cv_prog_make_make_set=yes
ac_cv_prog_ranlib=ranlib
ac_cv_search_dfftw_execute_dft=-lfftw3
ac_cv_search_dgemm=-lblas
ac_cv_search_dspev=-llapack
ac_cv_search_mpi_init=no
ac_cv_sizeof_int_p=8

## ----------------- ##
## Output variables. ##
## ----------------- ##

CC='gcc'
CFLAGS='-O3'
CPP='gcc -E'
CPPFLAGS='-O3'
Configured for compilation of serial executables.'
DEFS='-DHAVE_CONFIG_H'
ECHO_C=''
ECHO_N='-n'
ECHO_T=''
EGREP='/bin/grep -E'
EXEEXT=''
F77='gfortran'
FFLAGS='-O3 -g  -x f95-cpp-input'
FLIBS=' -L/opt/intel/Compiler/11.1/056/ipp/em64t/lib/../lib -L/opt/intel/Compiler/11.1/056/tbb/intel64/cc4.1.0_libc2.4_kernel2.6.16.21/lib/../lib -L/usr/lib/gcc/x86_64-linux-gnu/4.4.3 -L/usr/lib/gcc/x86_64-linux-gnu/4.4.3/../../../../lib -L/lib/../lib -L/usr/lib/../lib -L/opt/intel/Compiler/11.1/056/lib/intel64 -L/opt/intel/Compiler/11.1/056/ipp/em64t/lib -L/opt/intel/Compiler/11.1/056/mkl/lib/em64t -L/opt/intel/Compiler/11.1/056/tbb/intel64/cc4.1.0_libc2.4_kernel2.6.16.21/lib -L/usr/lib/gcc/x86_64-linux-gnu/4.4.3/../../.. -L/usr/lib/x86_64-linux-gnu -lgfortranbegin -lgfortran -lm'
GREP='/bin/grep'
LDFLAGS='-g'
LIBOBJS=''
LIBS=''
LTLIBOBJS=''
OBJEXT='o'
PACKAGE_BUGREPORT=''
PACKAGE_NAME='ESPRESSO'
PACKAGE_STRING='ESPRESSO 4.2CVS'
PACKAGE_TARNAME='espresso'
PACKAGE_URL=''
PACKAGE_VERSION='4.2CVS'
PATH_SEPARATOR=':'
SET_MAKE=''
SHELL='/bin/bash'
SIZEOF_INT_P='8'
ac_ct_CC=''
ac_ct_F77='gfortran'
ar='ar'
arflags='ruv'
bindir='${exec_prefix}/bin'
blas_libs=' -lblas '
blas_libs_switch='external'
blas_line='BLAS_LIBS= -lblas '
build='x86_64-unknown-linux-gnu'
build_alias=''
build_cpu='x86_64'
build_os='linux-gnu'
build_vendor='unknown'
cc='gcc'
cflags='-O3'
cpp='cpp'
cppflags='-P -traditional'
datadir='${datarootdir}'
datarootdir='${prefix}/share'
dflags=' -D__GFORTRAN -D__STD_F95 -D__FFTW3'
docdir='${datarootdir}/doc/${PACKAGE_TARNAME}'
dvidir='${docdir}'
exec_prefix='${prefix}'
f77='gfortran'
f90='gfortran'
f90flags='$(FFLAGS) -x f95-cpp-input'
f90rule='$(MPIF90) $(F90FLAGS) -c $<'
fdflags='$(DFLAGS)'
fflags='-O3 -g'
fflags_noopt='-O0 -g'
fft_libs=' -lfftw3 '
fft_line='FFT_LIBS= -lfftw3 '
host_alias=''
htmldir='${docdir}'
iflags='-I../include'
imod='-I'
includedir='${prefix}/include'
infodir='${datarootdir}/info'
lapack_libs=' -llapack'
lapack_libs_switch='external'
lapack_line='LAPACK_LIBS= -llapack'
ld='gfortran'
ld_libs=''
ldflags='-g'
libdir='${exec_prefix}/lib'
libexecdir='${exec_prefix}/libexec'
localedir='${datarootdir}/locale'
localstatedir='${prefix}/var'
mandir='${datarootdir}/man'
mass_libs=''
mass_line='@delete@'
mpi_libs=''
mpi_line='@delete@'
mpif90='gfortran'
oldincludedir='/usr/include'
parallel_report='Parallel environment not detected \(is this a parallel machine?\).\
pdfdir='${docdir}'
pgplot_libs=''
pre_fdflags=''
prefix='/usr/local'
program_transform_name='s,x,x,'
psdir='${docdir}'
ranlib='ranlib'
sbindir='${exec_prefix}/sbin'
scalapack_libs=''
scalapack_line='@delete@'
sharedstatedir='${prefix}/com'
sysconfdir='${prefix}/etc'
target_alias=''
topdir='/home/mcminis2/src/espresso-4.2'

## ----------- ##
## confdefs.h. ##
## ----------- ##

/* confdefs.h */
#define PACKAGE_NAME "ESPRESSO"
#define PACKAGE_TARNAME "espresso"
#define PACKAGE_VERSION "4.2CVS"
#define PACKAGE_STRING "ESPRESSO 4.2CVS"
#define PACKAGE_BUGREPORT ""
#define PACKAGE_URL ""
#define STDC_HEADERS 1
#define HAVE_SYS_TYPES_H 1
#define HAVE_SYS_STAT_H 1
#define HAVE_STDLIB_H 1
#define HAVE_STRING_H 1
#define HAVE_MEMORY_H 1
#define HAVE_STRINGS_H 1
#define HAVE_INTTYPES_H 1
#define HAVE_STDINT_H 1
#define HAVE_UNISTD_H 1
#define SIZEOF_INT_P 8
#define HAVE_MALLINFO 1
#define F77_FUNC(name,NAME) name ## _
#define F77_FUNC_(name,NAME) name ## _

configure: exit 0
